2026-06-25 12:45:27,940  [INFO]  ============================================================
2026-06-25 12:45:27,941  [INFO]  RQ1 - Learning-Curve Modeling  |  The Dynamics of Mastery
2026-06-25 12:45:27,942  [INFO]    v4.1  |  ASYMPTOTE_LOWER=2.0s  |  SE_THRESHOLD=100.0x
2026-06-25 12:45:27,942  [INFO]  ============================================================
2026-06-25 12:45:27,945  [INFO]  TSV files found in data: ['WCA_export_championships.tsv', 'WCA_export_competitions.tsv', 'WCA_export_continents.tsv', 'WCA_export_countries.tsv', 'WCA_export_eligible_country_iso2s_for_championship.tsv', 'WCA_export_events.tsv', 'WCA_export_formats.tsv', 'WCA_export_persons.tsv', 'WCA_export_ranks_average.tsv', 'WCA_export_ranks_single.tsv', 'WCA_export_result_attempts.tsv', 'WCA_export_results.tsv', 'WCA_export_round_types.tsv', 'WCA_export_scrambles.tsv']
2026-06-25 12:45:27,945  [INFO]  Loading results from WCA_export_results.tsv ...
2026-06-25 12:45:44,135  [INFO]    results columns: ['id', 'pos', 'best', 'average', 'competition_id', 'round_type_id', 'event_id', 'person_name', 'person_id', 'format_id', 'regional_single_record', 'regional_average_record', 'person_country_id']
2026-06-25 12:45:44,135  [INFO]    results shape:   (6654183, 13)
2026-06-25 12:45:44,505  [INFO]    3x3x3 results: 1,801,014
2026-06-25 12:46:12,048  [INFO]    final solves DataFrame: (8800344, 6)
2026-06-25 12:46:13,756  [INFO]  Cohort selection: 7356 solvers pass all thresholds (from 279061 total)
2026-06-25 12:46:15,446  [INFO]  
Full eligible cohort (7356 solvers):
2026-06-25 12:46:15,449  [INFO]    Solves - median 345, range [201,4264]
2026-06-25 12:46:15,451  [INFO]    Comps  - median 32
2026-06-25 12:46:15,452  [INFO]    Career - median 7.7 yr
2026-06-25 12:46:15,452  [INFO]    Last avg - median 11.25 s
2026-06-25 12:46:15,473  [INFO]  
Stratified sampling: 50 solvers selected from 7356 eligible (target 50)
2026-06-25 12:46:15,474  [INFO]    NOTE - sampling selects the most data-rich solvers per skill tier.
2026-06-25 12:46:15,475  [INFO]      T1_fast               n= 10  last_avg=[5.9,9.2]s  solves=[2838,3933]
2026-06-25 12:46:15,476  [INFO]      T2_mid                n= 10  last_avg=[9.4,10.5]s  solves=[2254,3424]
2026-06-25 12:46:15,477  [INFO]      T3_mid                n= 10  last_avg=[10.6,11.9]s  solves=[2416,3760]
2026-06-25 12:46:15,480  [INFO]      T4_mid                n= 10  last_avg=[12.0,14.4]s  solves=[2055,3779]
2026-06-25 12:46:15,483  [INFO]      T5_slow               n= 10  last_avg=[14.4,24.9]s  solves=[1699,4264]
2026-06-25 12:46:15,483  [INFO]  
** SAMPLED: 50 solvers (--full for all 7356) **
2026-06-25 12:46:15,737  [INFO]  [1/50]  Fitting solver 2017GARR05 ...
2026-06-25 12:47:13,904  [WARNING]    2017GARR05 BOUNDARY: power_law: param(s) ['c'] hit LOWER bound
2026-06-25 12:47:13,904  [WARNING]    2017GARR05 SE-IDENT: hybrid: max_rel_SE=620681x (>100.0x)
2026-06-25 12:47:14,732  [INFO]    Preferred(BIC): hybrid  R²=0.4126  MAE=0.94s  Discrim: True
2026-06-25 12:47:14,732  [INFO]    Consensus: hybrid (consensus)  AICc: hybrid
2026-06-25 12:47:14,733  [INFO]    Runs z=-1.44 p=0.1493
2026-06-25 12:47:14,733  [INFO]    Heterosced rho=-0.063 p=0.0001 decr=YES
2026-06-25 12:47:14,733  [INFO]      power_law        a=18.85±0.39  b=0.188±0.016  c=2±0.53
2026-06-25 12:47:14,733  [INFO]      exponential      a=5.535±0.13  b=0.002266±9.2e-05  c=6.269±0.03
2026-06-25 12:47:14,733  [INFO]      hybrid           w=0.9203±4.9e+04  a=10.86±5.8e+05  b=0.1932±0.061  d=35.43±2.2e+07  g=0.00227±0.00031  c=4.071±1.2  [NOT IDENT]
2026-06-25 12:47:14,734  [INFO]    CV: hybrid (train=3146,test=787)
2026-06-25 12:47:14,734  [INFO]    Outliers: 128 (3.3%) refit: hybrid
2026-06-25 12:47:14,734  [INFO]    Smoothed: hybrid (n=787)
2026-06-25 12:47:14,735  [INFO]    Profile w: 0.111 RSS%=0.00 NOT ident
2026-06-25 12:47:14,735  [INFO]    Effect: 1.97% over power_law
2026-06-25 12:47:14,735  [INFO]  [2/50]  Fitting solver 2013WALL03 ...
2026-06-25 12:47:58,310  [WARNING]    2013WALL03 SE-IDENT: hybrid: max_rel_SE=572725x (>100.0x)
2026-06-25 12:47:58,874  [INFO]    Preferred(BIC): hybrid  R²=0.3581  MAE=1.18s  Discrim: True
2026-06-25 12:47:58,875  [INFO]    Consensus: hybrid (consensus)  AICc: hybrid
2026-06-25 12:47:58,875  [INFO]    Runs z=-1.53 p=0.1272
2026-06-25 12:47:58,876  [INFO]    Heterosced rho=-0.065 p=0.0001 decr=YES
2026-06-25 12:47:58,876  [INFO]      power_law        a=20.62±0.49  b=0.1902±0.019  c=3.609±0.68
2026-06-25 12:47:58,876  [INFO]      exponential      a=7.049±0.22  b=0.003797±0.00018  c=8.465±0.035
2026-06-25 12:47:58,876  [INFO]      hybrid           w=0.8192±1e+05  a=16.1±2e+06  b=0.1211±0.053  d=20.54±1.2e+07  g=0.005703±0.00091  c=3.225±2.7  [NOT IDENT]
2026-06-25 12:47:58,876  [INFO]    CV: hybrid (train=2809,test=703)
2026-06-25 12:47:58,877  [INFO]    Outliers: 88 (2.5%) refit: hybrid
2026-06-25 12:47:58,877  [INFO]    Smoothed: hybrid (n=703)
2026-06-25 12:47:58,877  [INFO]    Profile w: 0.889 RSS%=1.64 ident
2026-06-25 12:47:58,877  [INFO]    Effect: 1.62% over power_law
2026-06-25 12:47:58,878  [INFO]  [3/50]  Fitting solver 2009LIUE01 ...
2026-06-25 12:48:59,814  [WARNING]    2009LIUE01 SE-IDENT: hybrid: max_rel_SE=885156x (>100.0x)
2026-06-25 12:49:00,354  [INFO]    Preferred(BIC): hybrid  R²=0.6437  MAE=1.30s  Discrim: True
2026-06-25 12:49:00,354  [INFO]    Consensus: hybrid (consensus)  AICc: hybrid
2026-06-25 12:49:00,354  [INFO]    Runs z=-1.07 p=0.2840
2026-06-25 12:49:00,354  [INFO]    Heterosced rho=-0.104 p=0.0000 decr=YES
2026-06-25 12:49:00,355  [INFO]      power_law        a=48.2±1  b=0.3569±0.0086  c=6.34±0.17
2026-06-25 12:49:00,355  [INFO]      exponential      a=14.95±0.34  b=0.00653±0.00022  c=9.746±0.038
2026-06-25 12:49:00,355  [INFO]      hybrid           w=0.7022±2.6e+05  a=48.93±1.8e+07  b=0.2439±0.024  d=55.8±4.9e+07  g=0.1246±0.015  c=4.162±0.74  [NOT IDENT]
2026-06-25 12:49:00,356  [INFO]    CV: power_law (train=2803,test=701)
2026-06-25 12:49:00,356  [INFO]    Outliers: 57 (1.6%) refit: power_law
2026-06-25 12:49:00,356  [INFO]    Smoothed: hybrid (n=701)
2026-06-25 12:49:00,357  [INFO]    Profile w: 0.044 RSS%=1.41 ident
2026-06-25 12:49:00,357  [INFO]    Effect: 1.39% over power_law
2026-06-25 12:49:00,357  [INFO]  [4/50]  Fitting solver 2012MAHV01 ...
2026-06-25 12:49:35,888  [WARNING]    2012MAHV01 BOUNDARY: hybrid: param(s) ['w'] hit UPPER bound
2026-06-25 12:49:35,888  [WARNING]    2012MAHV01 BOUNDARY: hybrid: param(s) ['g'] hit LOWER bound
2026-06-25 12:49:35,888  [WARNING]    2012MAHV01 SE-IDENT: hybrid: max_rel_SE=3625845153x (>100.0x)
2026-06-25 12:49:36,250  [INFO]    Preferred(BIC): power_law  R²=0.6421  MAE=1.08s  Discrim: True
2026-06-25 12:49:36,251  [INFO]    Consensus: hybrid (consensus)  AICc: power_law
2026-06-25 12:49:36,251  [INFO]    Runs z=-3.09 p=0.0020
2026-06-25 12:49:36,251  [INFO]    Heterosced rho=-0.123 p=0.0000 decr=YES
2026-06-25 12:49:36,251  [INFO]      power_law        a=46.94±0.96  b=0.4192±0.0082  c=6.359±0.11
2026-06-25 12:49:36,252  [INFO]      exponential      a=21.24±0.39  b=0.01534±0.00041  c=8.598±0.028
2026-06-25 12:49:36,252  [INFO]      hybrid           w=1±1.7e+05  a=46.94±7.8e+06  b=0.4192±0.013  d=18.98±9.7e+06  g=1e-08±36  c=6.358±3.2e+06  [NOT IDENT]
2026-06-25 12:49:36,252  [INFO]    CV: hybrid (train=2778,test=695)
2026-06-25 12:49:36,252  [INFO]    Outliers: 86 (2.5%) refit: hybrid
2026-06-25 12:49:36,252  [INFO]    Smoothed: hybrid (n=695)
2026-06-25 12:49:36,252  [INFO]    Profile w: 0.044 RSS%=9.30 ident
2026-06-25 12:49:36,252  [INFO]    Effect: 0.00% over power_law
2026-06-25 12:49:36,252  [INFO]  [5/50]  Fitting solver 2014ZAKR01 ...
2026-06-25 12:50:02,511  [WARNING]    2014ZAKR01 BOUNDARY: hybrid: param(s) ['g'] hit LOWER bound
2026-06-25 12:50:02,512  [WARNING]    2014ZAKR01 SE-IDENT: hybrid: max_rel_SE=1283982x (>100.0x)
2026-06-25 12:50:02,890  [INFO]    Preferred(BIC): power_law  R²=0.2436  MAE=1.17s  Discrim: True
2026-06-25 12:50:02,891  [INFO]    Consensus: power_law (bic_only)  AICc: power_law
2026-06-25 12:50:02,891  [INFO]    Runs z=-0.20 p=0.8402
2026-06-25 12:50:02,891  [INFO]    Heterosced rho=-0.086 p=0.0000 decr=YES
2026-06-25 12:50:02,891  [INFO]      power_law        a=16.91±0.81  b=0.3003±0.022  c=7.311±0.25
2026-06-25 12:50:02,891  [INFO]      exponential      a=5.418±0.24  b=0.004977±0.00033  c=9.104±0.034
2026-06-25 12:50:02,891  [INFO]      hybrid           w=0.6836±4e+05  a=24.74±1.4e+07  b=0.3003±0.037  d=2.822±1.5e+06  g=1e-08±0.013  c=6.418±1.1e+06  [NOT IDENT]
2026-06-25 12:50:02,891  [INFO]    CV: exponential (train=2592,test=648)
2026-06-25 12:50:02,891  [INFO]    Outliers: 65 (2.0%) refit: power_law
2026-06-25 12:50:02,891  [INFO]    Smoothed: hybrid (n=648)
2026-06-25 12:50:02,891  [INFO]    Profile w: 0.145 RSS%=0.59 NOT ident
2026-06-25 12:50:02,891  [INFO]    Effect: 0.00% over power_law
2026-06-25 12:50:02,891  [INFO]  [6/50]  Fitting solver 2012PARK03 ...
2026-06-25 12:50:28,380  [WARNING]    2012PARK03 BOUNDARY: power_law: param(s) ['c'] hit LOWER bound
2026-06-25 12:50:28,381  [WARNING]    2012PARK03 BOUNDARY: hybrid: param(s) ['c'] hit LOWER bound
2026-06-25 12:50:28,381  [WARNING]    2012PARK03 SE-IDENT: hybrid: max_rel_SE=439331x (>100.0x)
2026-06-25 12:50:28,738  [INFO]    Preferred(BIC): hybrid  R²=0.7502  MAE=0.65s  Discrim: True
2026-06-25 12:50:28,738  [INFO]    Consensus: hybrid (consensus)  AICc: hybrid
2026-06-25 12:50:28,738  [INFO]    Runs z=-5.18 p=0.0000
2026-06-25 12:50:28,738  [INFO]    Heterosced rho=-0.145 p=0.0000 decr=YES
2026-06-25 12:50:28,739  [INFO]      power_law        a=28.97±0.48  b=0.2667±0.0087  c=2±0.22
2026-06-25 12:50:28,739  [INFO]      exponential      a=11.3±0.17  b=0.006028±0.00014  c=6.009±0.022
2026-06-25 12:50:28,739  [INFO]      hybrid           w=0.7917±9.2e+04  a=17.15±2e+06  b=0.1645±0.028  d=35.1±1.5e+07  g=0.008231±0.00045  c=2±0.87  [NOT IDENT]
2026-06-25 12:50:28,739  [INFO]    CV: hybrid (train=2485,test=622)
2026-06-25 12:50:28,740  [INFO]    Outliers: 42 (1.4%) refit: hybrid
2026-06-25 12:50:28,740  [INFO]    Smoothed: hybrid (n=622)
2026-06-25 12:50:28,740  [INFO]    Profile w: 0.145 RSS%=0.00 NOT ident
2026-06-25 12:50:28,740  [INFO]    Effect: 10.79% over exponential
2026-06-25 12:50:28,740  [INFO]  [7/50]  Fitting solver 2015KUCA01 ...
2026-06-25 12:50:58,127  [WARNING]    2015KUCA01 BOUNDARY: power_law: param(s) ['c'] hit LOWER bound
2026-06-25 12:50:58,128  [WARNING]    2015KUCA01 SE-IDENT: hybrid: max_rel_SE=560792x (>100.0x)
2026-06-25 12:50:58,486  [INFO]    Preferred(BIC): hybrid  R²=0.5020  MAE=1.15s  Discrim: True
2026-06-25 12:50:58,486  [INFO]    Consensus: hybrid (consensus)  AICc: hybrid
2026-06-25 12:50:58,486  [INFO]    Runs z=-0.17 p=0.8618
2026-06-25 12:50:58,486  [INFO]    Heterosced rho=-0.158 p=0.0000 decr=YES
2026-06-25 12:50:58,487  [INFO]      power_law        a=24.91±0.48  b=0.1893±0.016  c=2±0.72
2026-06-25 12:50:58,487  [INFO]      exponential      a=8.318±0.2  b=0.003535±0.00013  c=7.952±0.038
2026-06-25 12:50:58,487  [INFO]      hybrid           w=0.8989±5.7e+04  a=13.32±8.4e+05  b=0.1103±0.064  d=52.89±3e+07  g=0.004165±0.00044  c=2.747±3.8  [NOT IDENT]
2026-06-25 12:50:58,487  [INFO]    CV: hybrid (train=2432,test=608)
2026-06-25 12:50:58,487  [INFO]    Outliers: 61 (2.0%) refit: hybrid
2026-06-25 12:50:58,487  [INFO]    Smoothed: hybrid (n=608)
2026-06-25 12:50:58,487  [INFO]    Profile w: 0.111 RSS%=3.62 ident
2026-06-25 12:50:58,487  [INFO]    Effect: 1.75% over exponential
2026-06-25 12:50:58,488  [INFO]  [8/50]  Fitting solver 2014SEBA01 ...
2026-06-25 12:51:32,266  [WARNING]    2014SEBA01 SE-IDENT: hybrid: max_rel_SE=602085x (>100.0x)
2026-06-25 12:51:32,630  [INFO]    Preferred(BIC): hybrid  R²=0.6158  MAE=0.93s  Discrim: True
2026-06-25 12:51:32,630  [INFO]    Consensus: hybrid (consensus)  AICc: hybrid
2026-06-25 12:51:32,630  [INFO]    Runs z=-2.11 p=0.0350
2026-06-25 12:51:32,630  [INFO]    Heterosced rho=-0.183 p=0.0000 decr=YES
2026-06-25 12:51:32,630  [INFO]      power_law        a=29.64±0.71  b=0.3177±0.011  c=4.582±0.2
2026-06-25 12:51:32,631  [INFO]      exponential      a=6.256±0.15  b=0.002124±9.3e-05  c=7.011±0.047
2026-06-25 12:51:32,631  [INFO]      hybrid           w=0.6528±2.1e+05  a=52.85±1.7e+07  b=0.7271±0.034  d=11.15±6.7e+06  g=0.001092±9.7e-05  c=6.511±0.1  [NOT IDENT]
2026-06-25 12:51:32,631  [INFO]    CV: hybrid (train=2371,test=593)
2026-06-25 12:51:32,631  [INFO]    Outliers: 46 (1.6%) refit: hybrid
2026-06-25 12:51:32,631  [INFO]    Smoothed: hybrid (n=593)
2026-06-25 12:51:32,631  [INFO]    Profile w: 0.821 RSS%=6.89 ident
2026-06-25 12:51:32,631  [INFO]    Effect: 8.18% over power_law
2026-06-25 12:51:32,631  [INFO]  [9/50]  Fitting solver 2013BURL01 ...
2026-06-25 12:51:46,087  [WARNING]    2013BURL01 SE-IDENT: hybrid: max_rel_SE=1156497x (>100.0x)
2026-06-25 12:51:46,438  [INFO]    Preferred(BIC): hybrid  R²=0.4845  MAE=1.18s  Discrim: True
2026-06-25 12:51:46,438  [INFO]    Consensus: hybrid (consensus)  AICc: hybrid
2026-06-25 12:51:46,438  [INFO]    Runs z=-0.19 p=0.8465
2026-06-25 12:51:46,438  [INFO]    Heterosced rho=-0.120 p=0.0000 decr=YES
2026-06-25 12:51:46,438  [INFO]      power_law        a=52.57±1.6  b=0.4165±0.013  c=5.634±0.21
2026-06-25 12:51:46,438  [INFO]      exponential      a=24.61±0.77  b=0.01899±0.00085  c=8.442±0.054
2026-06-25 12:51:46,438  [INFO]      hybrid           w=0.6057±4.6e+05  a=44.06±3.3e+07  b=0.2379±0.051  d=54.5±6.3e+07  g=0.0664±0.0066  c=3.513±1.3  [NOT IDENT]
2026-06-25 12:51:46,438  [INFO]    CV: power_law (train=2277,test=570)
2026-06-25 12:51:46,438  [INFO]    Outliers: 65 (2.3%) refit: power_law
2026-06-25 12:51:46,438  [INFO]    Smoothed: hybrid (n=570)
2026-06-25 12:51:46,439  [INFO]    Profile w: 0.247 RSS%=2.81 ident
2026-06-25 12:51:46,439  [INFO]    Effect: 2.73% over power_law
2026-06-25 12:51:46,439  [INFO]  [10/50]  Fitting solver 2010WEYE02 ...
2026-06-25 12:52:13,490  [WARNING]    2010WEYE02 SE-IDENT: hybrid: max_rel_SE=565731x (>100.0x)
2026-06-25 12:52:13,836  [INFO]    Preferred(BIC): hybrid  R²=0.5526  MAE=0.86s  Discrim: True
2026-06-25 12:52:13,836  [INFO]    Consensus: hybrid (consensus)  AICc: hybrid
2026-06-25 12:52:13,836  [INFO]    Runs z=-1.19 p=0.2352
2026-06-25 12:52:13,836  [INFO]    Heterosced rho=-0.194 p=0.0000 decr=YES
2026-06-25 12:52:13,836  [INFO]      power_law        a=23.48±0.49  b=0.2322±0.013  c=3.021±0.38
2026-06-25 12:52:13,836  [INFO]      exponential      a=7.68±0.18  b=0.004341±0.00016  c=7.221±0.032
2026-06-25 12:52:13,836  [INFO]      hybrid           w=0.8072±1.1e+05  a=22.35±3e+06  b=0.2595±0.03  d=11.49±6.5e+06  g=0.004547±0.00092  c=4.582±0.62  [NOT IDENT]
2026-06-25 12:52:13,836  [INFO]    CV: hybrid (train=2270,test=568)
2026-06-25 12:52:13,837  [INFO]    Outliers: 59 (2.1%) refit: hybrid
2026-06-25 12:52:13,837  [INFO]    Smoothed: hybrid (n=568)
2026-06-25 12:52:13,837  [INFO]    Profile w: 0.449 RSS%=0.62 NOT ident
2026-06-25 12:52:13,837  [INFO]    Effect: 1.11% over power_law
2026-06-25 12:52:13,837  [INFO]  [11/50]  Fitting solver 2010HULL01 ...
2026-06-25 12:52:55,867  [WARNING]    2010HULL01 SE-IDENT: hybrid: max_rel_SE=119x (>100.0x)
2026-06-25 12:52:56,271  [INFO]    Preferred(BIC): power_law  R²=0.3286  MAE=1.08s  Discrim: True
2026-06-25 12:52:56,271  [INFO]    Consensus: power_law (consensus)  AICc: power_law
2026-06-25 12:52:56,271  [INFO]    Runs z=-1.10 p=0.2719
2026-06-25 12:52:56,271  [INFO]    Heterosced rho=-0.094 p=0.0000 decr=YES
2026-06-25 12:52:56,272  [INFO]      power_law        a=22.41±0.89  b=0.3888±0.016  c=8.026±0.12
2026-06-25 12:52:56,272  [INFO]      exponential      a=14.07±0.57  b=0.03164±0.0018  c=9.44±0.027
2026-06-25 12:52:56,272  [INFO]      hybrid           w=0.7656±19  a=29.44±7.2e+02  b=0.4067±0.034  d=13.68±4.8e+02  g=1.561e-05±0.0019  c=5.064±3.7e+02  [NOT IDENT]
2026-06-25 12:52:56,272  [INFO]    CV: power_law (train=2739,test=685)
2026-06-25 12:52:56,272  [INFO]    Outliers: 57 (1.7%) refit: power_law
2026-06-25 12:52:56,272  [INFO]    Smoothed: hybrid (n=685)
2026-06-25 12:52:56,272  [INFO]    Profile w: 0.044 RSS%=2.74 ident
2026-06-25 12:52:56,272  [INFO]    Effect: 0.00% over power_law
2026-06-25 12:52:56,272  [INFO]  [12/50]  Fitting solver 2008BARA01 ...
2026-06-25 12:53:16,587  [WARNING]    2008BARA01 BOUNDARY: power_law: param(s) ['c'] hit LOWER bound
2026-06-25 12:53:16,587  [WARNING]    2008BARA01 BOUNDARY: hybrid: param(s) ['c'] hit LOWER bound
2026-06-25 12:53:16,587  [WARNING]    2008BARA01 SE-IDENT: hybrid: max_rel_SE=400823x (>100.0x)
2026-06-25 12:53:16,974  [INFO]    Preferred(BIC): hybrid  R²=0.4872  MAE=1.08s  Discrim: True
2026-06-25 12:53:16,975  [INFO]    Consensus: hybrid (consensus)  AICc: hybrid
2026-06-25 12:53:16,975  [INFO]    Runs z=-0.08 p=0.9336
2026-06-25 12:53:16,975  [INFO]    Heterosced rho=-0.114 p=0.0000 decr=YES
2026-06-25 12:53:16,975  [INFO]      power_law        a=22.87±0.88  b=0.1331±0.018  c=2±1.4
2026-06-25 12:53:16,975  [INFO]      exponential      a=7.075±0.17  b=0.003282±0.00013  c=10.37±0.035
2026-06-25 12:53:16,975  [INFO]      hybrid           w=0.6122±1.6e+05  a=22.42±5.7e+06  b=0.06525±0.073  d=11.89±4.8e+06  g=0.004052±0.00046  c=2±11  [NOT IDENT]
2026-06-25 12:53:16,975  [INFO]    CV: power_law (train=2400,test=601)
2026-06-25 12:53:16,975  [INFO]    Outliers: 29 (1.0%) refit: hybrid
2026-06-25 12:53:16,975  [INFO]    Smoothed: hybrid (n=601)
2026-06-25 12:53:16,975  [INFO]    Profile w: 0.551 RSS%=3.64 ident
2026-06-25 12:53:16,975  [INFO]    Effect: 1.74% over exponential
2026-06-25 12:53:16,976  [INFO]  [13/50]  Fitting solver 2010THOM03 ...
2026-06-25 12:53:44,304  [WARNING]    2010THOM03 BOUNDARY: hybrid: param(s) ['w'] hit UPPER bound
2026-06-25 12:53:44,304  [WARNING]    2010THOM03 BOUNDARY: hybrid: param(s) ['g'] hit LOWER bound
2026-06-25 12:53:44,305  [WARNING]    2010THOM03 SE-IDENT: hybrid: max_rel_SE=267421065705x (>100.0x)
2026-06-25 12:53:44,847  [INFO]    Preferred(BIC): power_law  R²=0.3653  MAE=1.28s  Discrim: True
2026-06-25 12:53:44,847  [INFO]    Consensus: hybrid (consensus)  AICc: power_law
2026-06-25 12:53:44,848  [INFO]    Runs z=-1.57 p=0.1170
2026-06-25 12:53:44,848  [INFO]    Heterosced rho=-0.098 p=0.0000 decr=YES
2026-06-25 12:53:44,849  [INFO]      power_law        a=26.28±1  b=0.3275±0.018  c=6.788±0.26
2026-06-25 12:53:44,849  [INFO]      exponential      a=9.758±0.33  b=0.007356±0.00037  c=9.204±0.04
2026-06-25 12:53:44,850  [INFO]      hybrid           w=1±4.8e+05  a=26.28±1.3e+07  b=0.3275±0.029  d=5.695±9.6e+06  g=1e-08±2.7e+03  c=6.789±2.7e+06  [NOT IDENT]
2026-06-25 12:53:44,850  [INFO]    CV: hybrid (train=2278,test=570)
2026-06-25 12:53:44,851  [INFO]    Outliers: 57 (2.0%) refit: hybrid
2026-06-25 12:53:44,852  [INFO]    Smoothed: hybrid (n=570)
2026-06-25 12:53:44,852  [INFO]    Profile w: 0.855 RSS%=2.50 ident
2026-06-25 12:53:44,852  [INFO]    Effect: 0.00% over power_law
2026-06-25 12:53:44,853  [INFO]  [14/50]  Fitting solver 2016KELL12 ...
2026-06-25 12:54:24,893  [WARNING]    2016KELL12 SE-IDENT: hybrid: max_rel_SE=672069x (>100.0x)
2026-06-25 12:54:25,470  [INFO]    Preferred(BIC): hybrid  R²=0.5474  MAE=1.34s  Discrim: False
2026-06-25 12:54:25,470  [INFO]    Consensus: hybrid (consensus)  AICc: hybrid
2026-06-25 12:54:25,470  [INFO]    Runs z=-0.60 p=0.5491
2026-06-25 12:54:25,471  [INFO]    Heterosced rho=-0.141 p=0.0000 decr=YES
2026-06-25 12:54:25,471  [INFO]      power_law        a=39.41±1.1  b=0.3696±0.012  c=6.397±0.2
2026-06-25 12:54:25,471  [INFO]      exponential      a=11.2±0.31  b=0.005719±0.00024  c=9.016±0.045
2026-06-25 12:54:25,471  [INFO]      hybrid           w=0.8939±7.1e+04  a=39.77±3.2e+06  b=0.4877±0.042  d=29.5±2e+07  g=0.003183±0.0004  c=7.932±0.29  [NOT IDENT]
2026-06-25 12:54:25,472  [INFO]    CV: exponential (train=2219,test=555)
2026-06-25 12:54:25,472  [INFO]    Outliers: 76 (2.7%) refit: hybrid
2026-06-25 12:54:25,472  [INFO]    Smoothed: hybrid (n=555)
2026-06-25 12:54:25,472  [INFO]    Profile w: 0.213 RSS%=0.97 NOT ident
2026-06-25 12:54:25,472  [INFO]    Effect: 0.97% over power_law
2026-06-25 12:54:25,473  [INFO]  [15/50]  Fitting solver 2014PETE03 ...
2026-06-25 12:55:05,068  [WARNING]    2014PETE03 SE-IDENT: hybrid: max_rel_SE=761901x (>100.0x)
2026-06-25 12:55:05,642  [INFO]    Preferred(BIC): hybrid  R²=0.3832  MAE=1.39s  Discrim: True
2026-06-25 12:55:05,642  [INFO]    Consensus: hybrid (consensus)  AICc: hybrid
2026-06-25 12:55:05,643  [INFO]    Runs z=-0.83 p=0.4064
2026-06-25 12:55:05,643  [INFO]    Heterosced rho=-0.015 p=0.4304 decr=no
2026-06-25 12:55:05,643  [INFO]      power_law        a=34.44±1.4  b=0.4346±0.017  c=9.248±0.16
2026-06-25 12:55:05,643  [INFO]      exponential      a=7.287±0.3  b=0.004347±0.00028  c=10.57±0.052
2026-06-25 12:55:05,643  [INFO]      hybrid           w=0.7938±1.6e+05  a=51.47±1e+07  b=0.9869±0.07  d=21.13±1.6e+07  g=0.002346±0.00023  c=10.38±0.066  [NOT IDENT]
2026-06-25 12:55:05,644  [INFO]    CV: power_law (train=2216,test=555)
2026-06-25 12:55:05,644  [INFO]    Outliers: 59 (2.1%) refit: hybrid
2026-06-25 12:55:05,644  [INFO]    Smoothed: hybrid (n=555)
2026-06-25 12:55:05,644  [INFO]    Profile w: 0.145 RSS%=0.00 NOT ident
2026-06-25 12:55:05,644  [INFO]    Effect: 3.30% over power_law
2026-06-25 12:55:05,645  [INFO]  [16/50]  Fitting solver 2011WELC01 ...
2026-06-25 12:55:39,300  [WARNING]    2011WELC01 SE-IDENT: hybrid: max_rel_SE=838943x (>100.0x)
2026-06-25 12:55:39,839  [INFO]    Preferred(BIC): power_law  R²=0.3221  MAE=1.38s  Discrim: True
2026-06-25 12:55:39,839  [INFO]    Consensus: hybrid (consensus)  AICc: hybrid
2026-06-25 12:55:39,839  [INFO]    Runs z=-0.67 p=0.5020
2026-06-25 12:55:39,839  [INFO]    Heterosced rho=-0.123 p=0.0000 decr=YES
2026-06-25 12:55:39,840  [INFO]      power_law        a=26.43±1.1  b=0.2848±0.021  c=7.508±0.44
2026-06-25 12:55:39,840  [INFO]      exponential      a=7.524±0.3  b=0.003982±0.00026  c=10.71±0.059
2026-06-25 12:55:39,840  [INFO]      hybrid           w=0.8588±1.2e+05  a=26.93±3.7e+06  b=0.5111±0.085  d=23.14±1.9e+07  g=0.002375±0.00034  c=10.07±0.32  [NOT IDENT]
2026-06-25 12:55:39,840  [INFO]    CV: hybrid (train=2092,test=524)
2026-06-25 12:55:39,840  [INFO]    Outliers: 32 (1.2%) refit: hybrid
2026-06-25 12:55:39,840  [INFO]    Smoothed: hybrid (n=524)
2026-06-25 12:55:39,840  [INFO]    Profile w: 0.078 RSS%=0.51 NOT ident
2026-06-25 12:55:39,841  [INFO]    Effect: 0.00% over power_law
2026-06-25 12:55:39,841  [INFO]  [17/50]  Fitting solver 2014GOSL01 ...
2026-06-25 12:56:15,826  [WARNING]    2014GOSL01 BOUNDARY: hybrid: param(s) ['g'] hit LOWER bound
2026-06-25 12:56:15,827  [WARNING]    2014GOSL01 SE-IDENT: hybrid: max_rel_SE=2079423x (>100.0x)
2026-06-25 12:56:16,367  [INFO]    Preferred(BIC): power_law  R²=0.2307  MAE=1.17s  Discrim: True
2026-06-25 12:56:16,367  [INFO]    Consensus: power_law (bic_only)  AICc: power_law
2026-06-25 12:56:16,367  [INFO]    Runs z=-0.56 p=0.5786
2026-06-25 12:56:16,368  [INFO]    Heterosced rho=-0.073 p=0.0003 decr=YES
2026-06-25 12:56:16,368  [INFO]      power_law        a=14.51±0.75  b=0.2812±0.028  c=9.23±0.34
2026-06-25 12:56:16,368  [INFO]      exponential      a=4.57±0.24  b=0.005115±0.00042  c=11.11±0.041
2026-06-25 12:56:16,369  [INFO]      hybrid           w=0.7608±4.5e+05  a=19.07±1.1e+07  b=0.2812±0.048  d=4.263±2.7e+06  g=1e-08±0.021  c=8.21±2.1e+06  [NOT IDENT]
2026-06-25 12:56:16,369  [INFO]    CV: exponential (train=1928,test=483)
2026-06-25 12:56:16,369  [INFO]    Outliers: 29 (1.2%) refit: power_law
2026-06-25 12:56:16,370  [INFO]    Smoothed: hybrid (n=483)
2026-06-25 12:56:16,370  [INFO]    Profile w: 0.078 RSS%=0.18 NOT ident
2026-06-25 12:56:16,370  [INFO]    Effect: 0.00% over power_law
2026-06-25 12:56:16,370  [INFO]  [18/50]  Fitting solver 2011GROG02 ...
2026-06-25 12:57:07,602  [WARNING]    2011GROG02 BOUNDARY: hybrid: param(s) ['g'] hit LOWER bound
2026-06-25 12:57:07,603  [WARNING]    2011GROG02 SE-IDENT: hybrid: max_rel_SE=2084035x (>100.0x)
2026-06-25 12:57:08,168  [INFO]    Preferred(BIC): power_law  R²=0.2304  MAE=1.13s  Discrim: True
2026-06-25 12:57:08,168  [INFO]    Consensus: power_law (consensus)  AICc: power_law
2026-06-25 12:57:08,168  [INFO]    Runs z=-0.24 p=0.8088
2026-06-25 12:57:08,169  [INFO]    Heterosced rho=-0.081 p=0.0001 decr=YES
2026-06-25 12:57:08,169  [INFO]      power_law        a=13.79±0.72  b=0.2816±0.028  c=7.975±0.33
2026-06-25 12:57:08,169  [INFO]      exponential      a=4.002±0.22  b=0.004587±0.0004  c=9.754±0.041
2026-06-25 12:57:08,169  [INFO]      hybrid           w=0.7709±4.5e+05  a=17.89±1e+07  b=0.2816±0.049  d=4.111±2.5e+06  g=1e-08±0.021  c=7.033±2e+06  [NOT IDENT]
2026-06-25 12:57:08,169  [INFO]    CV: power_law (train=1904,test=476)
2026-06-25 12:57:08,170  [INFO]    Outliers: 38 (1.6%) refit: power_law
2026-06-25 12:57:08,170  [INFO]    Smoothed: hybrid (n=476)
2026-06-25 12:57:08,170  [INFO]    Profile w: 0.348 RSS%=0.04 NOT ident
2026-06-25 12:57:08,170  [INFO]    Effect: 0.00% over power_law
2026-06-25 12:57:08,170  [INFO]  [19/50]  Fitting solver 2006HALC01 ...
2026-06-25 12:58:10,594  [WARNING]    2006HALC01 BOUNDARY: power_law: param(s) ['c'] hit LOWER bound
2026-06-25 12:58:10,595  [WARNING]    2006HALC01 BOUNDARY: hybrid: param(s) ['c'] hit LOWER bound
2026-06-25 12:58:10,595  [WARNING]    2006HALC01 SE-IDENT: hybrid: max_rel_SE=1027026x (>100.0x)
2026-06-25 12:58:11,089  [INFO]    Preferred(BIC): power_law  R²=0.2278  MAE=1.32s  Discrim: True
2026-06-25 12:58:11,089  [INFO]    Consensus: power_law (consensus)  AICc: power_law
2026-06-25 12:58:11,089  [INFO]    Runs z=-0.79 p=0.4314
2026-06-25 12:58:11,090  [INFO]    Heterosced rho=-0.084 p=0.0001 decr=YES
2026-06-25 12:58:11,090  [INFO]      power_law        a=21.45±2.2  b=0.1249±0.036  c=2±3.1
2026-06-25 12:58:11,090  [INFO]      exponential      a=5.256±0.25  b=0.002454±0.00023  c=10.4±0.093
2026-06-25 12:58:11,090  [INFO]      hybrid           w=0.9788±2.2e+04  a=19.95±4.4e+05  b=0.1277±0.13  d=59.19±6.1e+07  g=0.0002171±0.0026  c=2±20  [NOT IDENT]
2026-06-25 12:58:11,091  [INFO]    CV: power_law (train=1808,test=452)
2026-06-25 12:58:11,091  [INFO]    Outliers: 23 (1.0%) refit: power_law
2026-06-25 12:58:11,092  [INFO]    Smoothed: hybrid (n=452)
2026-06-25 12:58:11,092  [INFO]    Profile w: 0.652 RSS%=0.00 NOT ident
2026-06-25 12:58:11,093  [INFO]    Effect: 0.00% over power_law
2026-06-25 12:58:11,093  [INFO]  [20/50]  Fitting solver 2005AKKE01 ...
2026-06-25 12:58:50,442  [WARNING]    2005AKKE01 SE-IDENT: hybrid: max_rel_SE=1063825x (>100.0x)
2026-06-25 12:58:51,008  [INFO]    Preferred(BIC): hybrid  R²=0.3179  MAE=1.56s  Discrim: True
2026-06-25 12:58:51,008  [INFO]    Consensus: hybrid (consensus)  AICc: hybrid
2026-06-25 12:58:51,008  [INFO]    Runs z=-0.34 p=0.7368
2026-06-25 12:58:51,008  [INFO]    Heterosced rho=-0.143 p=0.0000 decr=YES
2026-06-25 12:58:51,009  [INFO]      power_law        a=32.59±1.4  b=0.2661±0.025  c=5.638±0.77
2026-06-25 12:58:51,009  [INFO]      exponential      a=7.788±0.33  b=0.002596±0.00022  c=9.992±0.12
2026-06-25 12:58:51,009  [INFO]      hybrid           w=0.8398±1.7e+05  a=41.85±8.5e+06  b=0.5662±0.065  d=32.5±3.5e+07  g=0.0004994±0.00032  c=7.198±1.9  [NOT IDENT]
2026-06-25 12:58:51,009  [INFO]    CV: hybrid (train=1803,test=451)
2026-06-25 12:58:51,010  [INFO]    Outliers: 57 (2.5%) refit: power_law
2026-06-25 12:58:51,010  [INFO]    Smoothed: hybrid (n=451)
2026-06-25 12:58:51,010  [INFO]    Profile w: 0.889 RSS%=1.31 ident
2026-06-25 12:58:51,010  [INFO]    Effect: 1.73% over power_law
2026-06-25 12:58:51,011  [INFO]  [21/50]  Fitting solver 2009PROV01 ...
2026-06-25 12:59:58,005  [WARNING]    2009PROV01 BOUNDARY: hybrid: param(s) ['c'] hit LOWER bound
2026-06-25 12:59:58,006  [WARNING]    2009PROV01 SE-IDENT: hybrid: max_rel_SE=961308x (>100.0x)
2026-06-25 12:59:58,548  [INFO]    Preferred(BIC): hybrid  R²=0.5410  MAE=1.39s  Discrim: True
2026-06-25 12:59:58,548  [INFO]    Consensus: hybrid (consensus)  AICc: hybrid
2026-06-25 12:59:58,548  [INFO]    Runs z=0.43 p=0.6695
2026-06-25 12:59:58,549  [INFO]    Heterosced rho=-0.111 p=0.0000 decr=YES
2026-06-25 12:59:58,549  [INFO]      power_law        a=41.38±1  b=0.3047±0.011  c=7.956±0.27
2026-06-25 12:59:58,549  [INFO]      exponential      a=13.36±0.34  b=0.005548±0.00021  c=12.15±0.041
2026-06-25 12:59:58,549  [INFO]      hybrid           w=0.683±3e+05  a=42.64±1.9e+07  b=0.1396±0.037  d=41.96±4e+07  g=0.05043±0.0054  c=2±3  [NOT IDENT]
2026-06-25 12:59:58,549  [INFO]    CV: power_law (train=3008,test=752)
2026-06-25 12:59:58,549  [INFO]    Outliers: 69 (1.8%) refit: power_law
2026-06-25 12:59:58,549  [INFO]    Smoothed: hybrid (n=752)
2026-06-25 12:59:58,550  [INFO]    Profile w: 0.213 RSS%=1.55 ident
2026-06-25 12:59:58,550  [INFO]    Effect: 1.53% over power_law
2026-06-25 12:59:58,550  [INFO]  [22/50]  Fitting solver 2012CANT02 ...
2026-06-25 13:00:41,647  [WARNING]    2012CANT02 BOUNDARY: hybrid: param(s) ['g'] hit LOWER bound
2026-06-25 13:00:41,647  [WARNING]    2012CANT02 SE-IDENT: hybrid: max_rel_SE=48197763x (>100.0x)
2026-06-25 13:00:42,187  [INFO]    Preferred(BIC): power_law  R²=0.5100  MAE=1.21s  Discrim: True
2026-06-25 13:00:42,188  [INFO]    Consensus: hybrid (consensus)  AICc: power_law
2026-06-25 13:00:42,188  [INFO]    Runs z=-0.46 p=0.6423
2026-06-25 13:00:42,189  [INFO]    Heterosced rho=-0.140 p=0.0000 decr=YES
2026-06-25 13:00:42,189  [INFO]      power_law        a=28.21±0.72  b=0.2687±0.014  c=6.831±0.34
2026-06-25 13:00:42,189  [INFO]      exponential      a=10.4±0.26  b=0.006092±0.00023  c=10.76±0.035
2026-06-25 13:00:42,190  [INFO]      hybrid           w=0.9977±1.1e+05  a=28.28±3.1e+06  b=0.2687±0.023  d=34.29±2e+07  g=1e-08±0.48  c=6.754±3.8e+06  [NOT IDENT]
2026-06-25 13:00:42,190  [INFO]    CV: hybrid (train=2359,test=590)
2026-06-25 13:00:42,190  [INFO]    Outliers: 40 (1.4%) refit: hybrid
2026-06-25 13:00:42,190  [INFO]    Smoothed: hybrid (n=590)
2026-06-25 13:00:42,191  [INFO]    Profile w: 0.213 RSS%=2.32 ident
2026-06-25 13:00:42,191  [INFO]    Effect: 0.00% over power_law
2026-06-25 13:00:42,191  [INFO]  [23/50]  Fitting solver 2010RONK01 ...
2026-06-25 13:00:50,846  [WARNING]    2010RONK01 SE-IDENT: hybrid: max_rel_SE=988789x (>100.0x)
2026-06-25 13:00:51,375  [INFO]    Preferred(BIC): hybrid  R²=0.3333  MAE=1.48s  Discrim: True
2026-06-25 13:00:51,375  [INFO]    Consensus: hybrid (consensus)  AICc: hybrid
2026-06-25 13:00:51,375  [INFO]    Runs z=-0.65 p=0.5185
2026-06-25 13:00:51,376  [INFO]    Heterosced rho=-0.068 p=0.0003 decr=YES
2026-06-25 13:00:51,376  [INFO]      power_law        a=45.76±2  b=0.3586±0.019  c=7.952±0.38
2026-06-25 13:00:51,376  [INFO]      exponential      a=16.53±0.62  b=0.007856±0.00044  c=11.3±0.071
2026-06-25 13:00:51,376  [INFO]      hybrid           w=0.8213±1.8e+05  a=37.74±8.1e+06  b=0.5815±0.09  d=51.57±5.1e+07  g=0.005869±0.00059  c=10.78±0.29  [NOT IDENT]
2026-06-25 13:00:51,377  [INFO]    CV: hybrid (train=2337,test=585)
2026-06-25 13:00:51,377  [INFO]    Outliers: 46 (1.6%) refit: hybrid
2026-06-25 13:00:51,377  [INFO]    Smoothed: hybrid (n=585)
2026-06-25 13:00:51,377  [INFO]    Profile w: 0.179 RSS%=2.09 ident
2026-06-25 13:00:51,377  [INFO]    Effect: 2.05% over power_law
2026-06-25 13:00:51,377  [INFO]  [24/50]  Fitting solver 2012ICKL01 ...
2026-06-25 13:01:39,006  [WARNING]    2012ICKL01 SE-IDENT: hybrid: max_rel_SE=779077x (>100.0x)
2026-06-25 13:01:39,520  [INFO]    Preferred(BIC): hybrid  R²=0.4460  MAE=1.17s  Discrim: True
2026-06-25 13:01:39,520  [INFO]    Consensus: hybrid (consensus)  AICc: hybrid
2026-06-25 13:01:39,521  [INFO]    Runs z=-1.00 p=0.3193
2026-06-25 13:01:39,521  [INFO]    Heterosced rho=-0.119 p=0.0000 decr=YES
2026-06-25 13:01:39,521  [INFO]      power_law        a=24.24±0.75  b=0.2811±0.016  c=7.374±0.32
2026-06-25 13:01:39,521  [INFO]      exponential      a=9.025±0.29  b=0.007224±0.00035  c=10.56±0.037
2026-06-25 13:01:39,522  [INFO]      hybrid           w=0.7766±1.7e+05  a=22.36±5e+06  b=0.1425±0.055  d=27.05±2.1e+07  g=0.02932±0.0046  c=4.384±2.7  [NOT IDENT]
2026-06-25 13:01:39,522  [INFO]    CV: hybrid (train=2159,test=540)
2026-06-25 13:01:39,523  [INFO]    Outliers: 39 (1.4%) refit: power_law
2026-06-25 13:01:39,523  [INFO]    Smoothed: hybrid (n=540)
2026-06-25 13:01:39,523  [INFO]    Profile w: 0.111 RSS%=1.30 ident
2026-06-25 13:01:39,523  [INFO]    Effect: 1.29% over power_law
2026-06-25 13:01:39,524  [INFO]  [25/50]  Fitting solver 2009HILD01 ...
2026-06-25 13:02:15,064  [WARNING]    2009HILD01 BOUNDARY: hybrid: param(s) ['g'] hit LOWER bound
2026-06-25 13:02:15,065  [WARNING]    2009HILD01 SE-IDENT: hybrid: max_rel_SE=6823535x (>100.0x)
2026-06-25 13:02:15,676  [INFO]    Preferred(BIC): power_law  R²=0.4283  MAE=1.41s  Discrim: True
2026-06-25 13:02:15,677  [INFO]    Consensus: hybrid (consensus)  AICc: power_law
2026-06-25 13:02:15,677  [INFO]    Runs z=-4.29 p=0.0000
2026-06-25 13:02:15,677  [INFO]    Heterosced rho=-0.062 p=0.0015 decr=YES
2026-06-25 13:02:15,678  [INFO]      power_law        a=26.08±0.79  b=0.2609±0.017  c=8.229±0.44
2026-06-25 13:02:15,678  [INFO]      exponential      a=9.526±0.29  b=0.005952±0.00028  c=12.14±0.043
2026-06-25 13:02:15,678  [INFO]      hybrid           w=0.9738±1.7e+05  a=26.79±4.6e+06  b=0.2609±0.03  d=21.36±1.5e+07  g=1e-08±0.068  c=7.67±3.8e+06  [NOT IDENT]
2026-06-25 13:02:15,678  [INFO]    CV: hybrid (train=2089,test=523)
2026-06-25 13:02:15,678  [INFO]    Outliers: 34 (1.3%) refit: exponential
2026-06-25 13:02:15,679  [INFO]    Smoothed: hybrid (n=523)
2026-06-25 13:02:15,679  [INFO]    Profile w: 0.078 RSS%=2.24 ident
2026-06-25 13:02:15,679  [INFO]    Effect: 0.00% over power_law
2026-06-25 13:02:15,679  [INFO]  [26/50]  Fitting solver 2011SZAT01 ...
2026-06-25 13:02:23,189  [WARNING]    2011SZAT01 SE-IDENT: hybrid: max_rel_SE=1507274x (>100.0x)
2026-06-25 13:02:23,701  [INFO]    Preferred(BIC): power_law  R²=0.1129  MAE=1.66s  Discrim: True
2026-06-25 13:02:23,701  [INFO]    Consensus: power_law (consensus)  AICc: hybrid
2026-06-25 13:02:23,702  [INFO]    Runs z=-2.79 p=0.0053
2026-06-25 13:02:23,702  [INFO]    Heterosced rho=-0.173 p=0.0000 decr=YES
2026-06-25 13:02:23,702  [INFO]      power_law        a=25.96±1.5  b=0.2078±0.046  c=5.583±1.9
2026-06-25 13:02:23,703  [INFO]      exponential      a=9.147±0.68  b=0.005129±0.0006  c=11.32±0.12
2026-06-25 13:02:23,703  [INFO]      hybrid           w=0.9346±9.9e+04  a=17.92±1.9e+06  b=0.2046±0.11  d=58.97±8.9e+07  g=0.00625±0.003  c=7.539±3.3  [NOT IDENT]
2026-06-25 13:02:23,703  [INFO]    CV: power_law (train=1976,test=494)
2026-06-25 13:02:23,703  [INFO]    Outliers: 43 (1.7%) refit: power_law
2026-06-25 13:02:23,703  [INFO]    Smoothed: hybrid (n=494)
2026-06-25 13:02:23,704  [INFO]    Profile w: 0.416 RSS%=0.56 NOT ident
2026-06-25 13:02:23,704  [INFO]    Effect: 0.00% over power_law
2026-06-25 13:02:23,704  [INFO]  [27/50]  Fitting solver 2010BENT01 ...
2026-06-25 13:03:00,361  [WARNING]    2010BENT01 BOUNDARY: power_law: param(s) ['c'] hit LOWER bound
2026-06-25 13:03:00,361  [WARNING]    2010BENT01 BOUNDARY: hybrid: param(s) ['c'] hit LOWER bound
2026-06-25 13:03:00,362  [WARNING]    2010BENT01 SE-IDENT: hybrid: max_rel_SE=746247x (>100.0x)
2026-06-25 13:03:01,249  [INFO]    Preferred(BIC): hybrid  R²=0.5884  MAE=1.41s  Discrim: True
2026-06-25 13:03:01,249  [INFO]    Consensus: hybrid (consensus)  AICc: hybrid
2026-06-25 13:03:01,250  [INFO]    Runs z=-1.97 p=0.0486
2026-06-25 13:03:01,250  [INFO]    Heterosced rho=-0.169 p=0.0000 decr=YES
2026-06-25 13:03:01,250  [INFO]      power_law        a=39.93±0.71  b=0.1872±0.015  c=2±1.2
2026-06-25 13:03:01,251  [INFO]      exponential      a=12.45±0.27  b=0.003419±0.00013  c=11.89±0.064
2026-06-25 13:03:01,251  [INFO]      hybrid           w=0.9281±5.4e+04  a=27.82±1.6e+06  b=0.1294±0.047  d=78.22±5.8e+07  g=0.003983±0.00061  c=2±5.1  [NOT IDENT]
2026-06-25 13:03:01,251  [INFO]    CV: hybrid (train=1972,test=494)
2026-06-25 13:03:01,252  [INFO]    Outliers: 35 (1.4%) refit: hybrid
2026-06-25 13:03:01,252  [INFO]    Smoothed: hybrid (n=494)
2026-06-25 13:03:01,252  [INFO]    Profile w: 0.584 RSS%=0.00 NOT ident
2026-06-25 13:03:01,253  [INFO]    Effect: 3.47% over power_law
2026-06-25 13:03:01,253  [INFO]  [28/50]  Fitting solver 2013TOKA01 ...
2026-06-25 13:03:30,026  [WARNING]    2013TOKA01 BOUNDARY: hybrid: param(s) ['g'] hit LOWER bound
2026-06-25 13:03:30,026  [WARNING]    2013TOKA01 SE-IDENT: hybrid: max_rel_SE=92998415x (>100.0x)
2026-06-25 13:03:30,554  [INFO]    Preferred(BIC): power_law  R²=0.2175  MAE=1.42s  Discrim: True
2026-06-25 13:03:30,554  [INFO]    Consensus: power_law (bic_only)  AICc: power_law
2026-06-25 13:03:30,554  [INFO]    Runs z=-1.56 p=0.1189
2026-06-25 13:03:30,555  [INFO]    Heterosced rho=-0.008 p=0.6954 decr=no
2026-06-25 13:03:30,555  [INFO]      power_law        a=28±1.6  b=0.5144±0.026  c=9.817±0.13
2026-06-25 13:03:30,555  [INFO]      exponential      a=12.22±0.73  b=0.02461±0.0021  c=10.64±0.047
2026-06-25 13:03:30,555  [INFO]      hybrid           w=0.9944±5.2e+05  a=28.16±1.5e+07  b=0.5144±0.039  d=18.62±1.7e+07  g=1e-08±0.93  c=9.714±9.6e+06  [NOT IDENT]
2026-06-25 13:03:30,556  [INFO]    CV: exponential (train=1960,test=490)
2026-06-25 13:03:30,556  [INFO]    Outliers: 59 (2.4%) refit: exponential
2026-06-25 13:03:30,556  [INFO]    Smoothed: hybrid (n=490)
2026-06-25 13:03:30,556  [INFO]    Profile w: 0.044 RSS%=0.42 NOT ident
2026-06-25 13:03:30,557  [INFO]    Effect: 0.00% over power_law
2026-06-25 13:03:30,557  [INFO]  [29/50]  Fitting solver 2007GOUL01 ...
2026-06-25 13:03:50,328  [WARNING]    2007GOUL01 BOUNDARY: power_law: param(s) ['c'] hit LOWER bound
2026-06-25 13:03:50,328  [WARNING]    2007GOUL01 BOUNDARY: hybrid: param(s) ['c'] hit LOWER bound
2026-06-25 13:03:50,329  [WARNING]    2007GOUL01 SE-IDENT: hybrid: max_rel_SE=777429x (>100.0x)
2026-06-25 13:03:50,870  [INFO]    Preferred(BIC): hybrid  R²=0.3276  MAE=1.53s  Discrim: True
2026-06-25 13:03:50,870  [INFO]    Consensus: hybrid (consensus)  AICc: hybrid
2026-06-25 13:03:50,871  [INFO]    Runs z=-1.81 p=0.0702
2026-06-25 13:03:50,871  [INFO]    Heterosced rho=-0.053 p=0.0091 decr=YES
2026-06-25 13:03:50,871  [INFO]      power_law        a=24.88±1.9  b=0.1242±0.027  c=2±2.8
2026-06-25 13:03:50,871  [INFO]      exponential      a=7.514±0.28  b=0.003969±0.00024  c=12.01±0.059
2026-06-25 13:03:50,871  [INFO]      hybrid           w=0.8437±1.2e+05  a=20.46±2.9e+06  b=0.0741±0.09  d=25.54±2e+07  g=0.004989±0.0011  c=2±14  [NOT IDENT]
2026-06-25 13:03:50,871  [INFO]    CV: power_law (train=1937,test=485)
2026-06-25 13:03:50,872  [INFO]    Outliers: 31 (1.3%) refit: hybrid
2026-06-25 13:03:50,872  [INFO]    Smoothed: hybrid (n=485)
2026-06-25 13:03:50,872  [INFO]    Profile w: 0.517 RSS%=1.30 ident
2026-06-25 13:03:50,872  [INFO]    Effect: 1.34% over power_law
2026-06-25 13:03:50,872  [INFO]  [30/50]  Fitting solver 2005REYN01 ...
2026-06-25 13:04:27,657  [WARNING]    2005REYN01 SE-IDENT: hybrid: max_rel_SE=623300x (>100.0x)
2026-06-25 13:04:28,178  [INFO]    Preferred(BIC): power_law  R²=0.4611  MAE=1.51s  Discrim: True
2026-06-25 13:04:28,178  [INFO]    Consensus: hybrid (consensus)  AICc: hybrid
2026-06-25 13:04:28,179  [INFO]    Runs z=-4.79 p=0.0000
2026-06-25 13:04:28,179  [INFO]    Heterosced rho=-0.106 p=0.0000 decr=YES
2026-06-25 13:04:28,179  [INFO]      power_law        a=32.48±0.72  b=0.1994±0.018  c=5.574±1
2026-06-25 13:04:28,179  [INFO]      exponential      a=10±0.3  b=0.003894±0.00019  c=13.09±0.064
2026-06-25 13:04:28,180  [INFO]      hybrid           w=0.941±3.7e+04  a=28.09±1.1e+06  b=0.2416±0.051  d=36.9±2.3e+07  g=0.003398±0.0012  c=8.585±1.9  [NOT IDENT]
2026-06-25 13:04:28,180  [INFO]    CV: hybrid (train=1932,test=484)
2026-06-25 13:04:28,180  [INFO]    Outliers: 30 (1.2%) refit: power_law
2026-06-25 13:04:28,180  [INFO]    Smoothed: hybrid (n=484)
2026-06-25 13:04:28,181  [INFO]    Profile w: 0.990 RSS%=0.30 NOT ident
2026-06-25 13:04:28,181  [INFO]    Effect: 0.00% over power_law
2026-06-25 13:04:28,181  [INFO]  [31/50]  Fitting solver 2010ROSE03 ...
2026-06-25 13:04:59,395  [WARNING]    2010ROSE03 BOUNDARY: hybrid: param(s) ['w'] hit UPPER bound
2026-06-25 13:04:59,396  [WARNING]    2010ROSE03 BOUNDARY: hybrid: param(s) ['g'] hit LOWER bound
2026-06-25 13:04:59,396  [WARNING]    2010ROSE03 SE-IDENT: hybrid: max_rel_SE=1088554352420x (>100.0x)
2026-06-25 13:04:59,965  [INFO]    Preferred(BIC): power_law  R²=0.1686  MAE=1.59s  Discrim: True
2026-06-25 13:04:59,965  [INFO]    Consensus: power_law (consensus)  AICc: power_law
2026-06-25 13:04:59,966  [INFO]    Runs z=-0.95 p=0.3440
2026-06-25 13:04:59,966  [INFO]    Heterosced rho=-0.114 p=0.0000 decr=YES
2026-06-25 13:04:59,967  [INFO]      power_law        a=18.17±0.81  b=0.2188±0.028  c=11.5±0.67
2026-06-25 13:04:59,967  [INFO]      exponential      a=7.011±0.36  b=0.005391±0.00041  c=14.99±0.044
2026-06-25 13:04:59,967  [INFO]      hybrid           w=1±5.5e+05  a=18.17±1e+07  b=0.2188±0.049  d=3.48±2e+06  g=1.001e-08±1.1e+04  c=11.5±1.9e+06  [NOT IDENT]
2026-06-25 13:04:59,968  [INFO]    CV: power_law (train=3023,test=756)
2026-06-25 13:04:59,969  [INFO]    Outliers: 59 (1.6%) refit: power_law
2026-06-25 13:04:59,969  [INFO]    Smoothed: hybrid (n=756)
2026-06-25 13:04:59,970  [INFO]    Profile w: 0.145 RSS%=1.77 ident
2026-06-25 13:04:59,970  [INFO]    Effect: 0.00% over power_law
2026-06-25 13:04:59,970  [INFO]  [32/50]  Fitting solver 2013ROGA02 ...
2026-06-25 13:05:44,845  [WARNING]    2013ROGA02 BOUNDARY: power_law: param(s) ['c'] hit LOWER bound
2026-06-25 13:05:44,845  [WARNING]    2013ROGA02 BOUNDARY: hybrid: param(s) ['c'] hit LOWER bound
2026-06-25 13:05:44,846  [WARNING]    2013ROGA02 SE-IDENT: hybrid: max_rel_SE=587221x (>100.0x)
2026-06-25 13:05:45,629  [INFO]    Preferred(BIC): power_law  R²=0.3274  MAE=1.41s  Discrim: False
2026-06-25 13:05:45,629  [INFO]    Consensus: power_law (bic_only)  AICc: hybrid
2026-06-25 13:05:45,630  [INFO]    Runs z=-1.00 p=0.3196
2026-06-25 13:05:45,630  [INFO]    Heterosced rho=-0.067 p=0.0002 decr=YES
2026-06-25 13:05:45,630  [INFO]      power_law        a=23.77±1.7  b=0.1158±0.024  c=2±2.5
2026-06-25 13:05:45,631  [INFO]      exponential      a=6.196±0.19  b=0.002371±0.00013  c=11.75±0.052
2026-06-25 13:05:45,631  [INFO]      hybrid           w=0.908±5.4e+04  a=19.91±1.2e+06  b=0.08005±0.069  d=27.67±1.6e+07  g=0.003003±0.00082  c=2±10  [NOT IDENT]
2026-06-25 13:05:45,631  [INFO]    CV: exponential (train=2508,test=628)
2026-06-25 13:05:45,631  [INFO]    Outliers: 49 (1.6%) refit: hybrid
2026-06-25 13:05:45,632  [INFO]    Smoothed: hybrid (n=628)
2026-06-25 13:05:45,632  [INFO]    Profile w: 0.618 RSS%=1.36 ident
2026-06-25 13:05:45,632  [INFO]    Effect: 0.00% over power_law
2026-06-25 13:05:45,632  [INFO]  [33/50]  Fitting solver 2008AURO01 ...
2026-06-25 13:06:15,537  [WARNING]    2008AURO01 SE-IDENT: hybrid: max_rel_SE=987914x (>100.0x)
2026-06-25 13:06:16,083  [INFO]    Preferred(BIC): hybrid  R²=0.2110  MAE=1.89s  Discrim: False
2026-06-25 13:06:16,083  [INFO]    Consensus: hybrid (consensus)  AICc: hybrid
2026-06-25 13:06:16,084  [INFO]    Runs z=-4.94 p=0.0000
2026-06-25 13:06:16,084  [INFO]    Heterosced rho=0.012 p=0.5391 decr=no
2026-06-25 13:06:16,084  [INFO]      power_law        a=28.8±1.2  b=0.222±0.03  c=8.952±1.2
2026-06-25 13:06:16,085  [INFO]      exponential      a=10.58±0.53  b=0.00532±0.00041  c=14.59±0.08
2026-06-25 13:06:16,085  [INFO]      hybrid           w=0.8775±1.2e+05  a=22.59±3.1e+06  b=0.1025±0.1  d=53.55±5.3e+07  g=0.01069±0.0025  c=5.292±10  [NOT IDENT]
2026-06-25 13:06:16,086  [INFO]    CV: exponential (train=2237,test=560)
2026-06-25 13:06:16,086  [INFO]    Outliers: 51 (1.8%) refit: hybrid
2026-06-25 13:06:16,086  [INFO]    Smoothed: hybrid (n=560)
2026-06-25 13:06:16,086  [INFO]    Profile w: 0.044 RSS%=1.09 ident
2026-06-25 13:06:16,086  [INFO]    Effect: 0.89% over power_law
2026-06-25 13:06:16,087  [INFO]  [34/50]  Fitting solver 2014JIME05 ...
2026-06-25 13:06:50,362  [WARNING]    2014JIME05 BOUNDARY: hybrid: param(s) ['g'] hit LOWER bound
2026-06-25 13:06:50,363  [WARNING]    2014JIME05 SE-IDENT: hybrid: max_rel_SE=2126459x (>100.0x)
2026-06-25 13:06:50,893  [INFO]    Preferred(BIC): power_law  R²=0.1075  MAE=1.59s  Discrim: True
2026-06-25 13:06:50,894  [INFO]    Consensus: power_law (bic_only)  AICc: power_law
2026-06-25 13:06:50,894  [INFO]    Runs z=-0.63 p=0.5312
2026-06-25 13:06:50,894  [INFO]    Heterosced rho=-0.026 p=0.1757 decr=no
2026-06-25 13:06:50,894  [INFO]      power_law        a=11.93±0.84  b=0.2438±0.043  c=12.07±0.57
2026-06-25 13:06:50,894  [INFO]      exponential      a=3.92±0.29  b=0.004408±0.00051  c=14.04±0.051
2026-06-25 13:06:50,895  [INFO]      hybrid           w=0.7376±5.5e+05  a=16.17±1.2e+07  b=0.2438±0.076  d=4.775±3.3e+06  g=1e-08±0.021  c=10.82±2.7e+06  [NOT IDENT]
2026-06-25 13:06:50,895  [INFO]    CV: exponential (train=2162,test=541)
2026-06-25 13:06:50,895  [INFO]    Outliers: 31 (1.1%) refit: exponential
2026-06-25 13:06:50,895  [INFO]    Smoothed: hybrid (n=541)
2026-06-25 13:06:50,895  [INFO]    Profile w: 0.044 RSS%=0.45 NOT ident
2026-06-25 13:06:50,895  [INFO]    Effect: 0.00% over power_law
2026-06-25 13:06:50,895  [INFO]  [35/50]  Fitting solver 2010AMBR01 ...
2026-06-25 13:07:34,121  [WARNING]    2010AMBR01 SE-IDENT: hybrid: max_rel_SE=908779x (>100.0x)
2026-06-25 13:07:34,631  [INFO]    Preferred(BIC): power_law  R²=0.2291  MAE=1.55s  Discrim: True
2026-06-25 13:07:34,632  [INFO]    Consensus: power_law (bic_only)  AICc: power_law
2026-06-25 13:07:34,632  [INFO]    Runs z=-0.12 p=0.9012
2026-06-25 13:07:34,632  [INFO]    Heterosced rho=-0.076 p=0.0002 decr=YES
2026-06-25 13:07:34,633  [INFO]      power_law        a=20.2±0.94  b=0.247±0.029  c=8.556±0.66
2026-06-25 13:07:34,633  [INFO]      exponential      a=5.824±0.29  b=0.003709±0.00031  c=11.82±0.066
2026-06-25 13:07:34,633  [INFO]      hybrid           w=0.8697±1.2e+05  a=19.44±2.6e+06  b=0.3777±0.11  d=14.25±1.3e+07  g=0.002258±0.00062  c=10.7±0.87  [NOT IDENT]
2026-06-25 13:07:34,634  [INFO]    CV: exponential (train=1923,test=481)
2026-06-25 13:07:34,634  [INFO]    Outliers: 43 (1.8%) refit: hybrid
2026-06-25 13:07:34,634  [INFO]    Smoothed: hybrid (n=481)
2026-06-25 13:07:34,634  [INFO]    Profile w: 0.145 RSS%=0.17 NOT ident
2026-06-25 13:07:34,635  [INFO]    Effect: 0.00% over power_law
2026-06-25 13:07:34,635  [INFO]  [36/50]  Fitting solver 2009ZHEN11 ...
2026-06-25 13:07:45,281  [WARNING]    2009ZHEN11 BOUNDARY: power_law: param(s) ['c'] hit LOWER bound
2026-06-25 13:07:45,281  [WARNING]    2009ZHEN11 SE-IDENT: hybrid: max_rel_SE=821644x (>100.0x)
2026-06-25 13:07:45,824  [INFO]    Preferred(BIC): exponential  R²=0.1904  MAE=1.96s  Discrim: True
2026-06-25 13:07:45,824  [INFO]    Consensus: exponential (consensus)  AICc: exponential
2026-06-25 13:07:45,824  [INFO]    Runs z=-0.81 p=0.4173
2026-06-25 13:07:45,824  [INFO]    Heterosced rho=-0.061 p=0.0042 decr=YES
2026-06-25 13:07:45,825  [INFO]      power_law        a=24.53±6.7  b=0.08729±0.046  c=2±7.9
2026-06-25 13:07:45,825  [INFO]      exponential      a=5.679±0.28  b=0.002519±0.00025  c=14.71±0.11
2026-06-25 13:07:45,826  [INFO]      hybrid           w=0.7772±1.8e+05  a=2.147e-05±6  b=0.642±1.7e+05  d=25.48±2.1e+07  g=0.002519±0.0003  c=14.71±0.22  [NOT IDENT]
2026-06-25 13:07:45,826  [INFO]    CV: power_law (train=1757,test=440)
2026-06-25 13:07:45,826  [INFO]    Outliers: 57 (2.6%) refit: exponential
2026-06-25 13:07:45,827  [INFO]    Smoothed: exponential (n=440)
2026-06-25 13:07:45,827  [INFO]    Profile w: 0.686 RSS%=1.63 ident
2026-06-25 13:07:45,827  [INFO]    Effect: 0.00% over exponential
2026-06-25 13:07:45,827  [INFO]  [37/50]  Fitting solver 2008VIRO01 ...
2026-06-25 13:08:41,450  [WARNING]    2008VIRO01 SE-IDENT: hybrid: max_rel_SE=1012143x (>100.0x)
2026-06-25 13:08:41,981  [INFO]    Preferred(BIC): power_law  R²=0.3012  MAE=1.45s  Discrim: True
2026-06-25 13:08:41,982  [INFO]    Consensus: power_law (consensus)  AICc: power_law
2026-06-25 13:08:41,982  [INFO]    Runs z=-1.86 p=0.0633
2026-06-25 13:08:41,982  [INFO]    Heterosced rho=-0.047 p=0.0310 decr=YES
2026-06-25 13:08:41,982  [INFO]      power_law        a=27.41±1  b=0.2296±0.027  c=7.439±0.98
2026-06-25 13:08:41,983  [INFO]      exponential      a=7.065±0.32  b=0.002969±0.00025  c=12.44±0.1
2026-06-25 13:08:41,983  [INFO]      hybrid           w=0.924±7.7e+04  a=27.96±2.3e+06  b=0.3256±0.073  d=39.63±4e+07  g=0.0002628±0.001  c=8.097±8.9  [NOT IDENT]
2026-06-25 13:08:41,983  [INFO]    CV: hybrid (train=1694,test=424)
2026-06-25 13:08:41,984  [INFO]    Outliers: 30 (1.4%) refit: hybrid
2026-06-25 13:08:41,984  [INFO]    Smoothed: power_law (n=424)
2026-06-25 13:08:41,984  [INFO]    Profile w: 0.517 RSS%=0.18 NOT ident
2026-06-25 13:08:41,984  [INFO]    Effect: 0.00% over power_law
2026-06-25 13:08:41,985  [INFO]  [38/50]  Fitting solver 2009ROTA01 ...
2026-06-25 13:09:11,365  [WARNING]    2009ROTA01 SE-IDENT: hybrid: max_rel_SE=1531941x (>100.0x)
2026-06-25 13:09:11,893  [INFO]    Preferred(BIC): power_law  R²=0.2134  MAE=1.74s  Discrim: True
2026-06-25 13:09:11,893  [INFO]    Consensus: hybrid (consensus)  AICc: power_law
2026-06-25 13:09:11,893  [INFO]    Runs z=-0.73 p=0.4659
2026-06-25 13:09:11,894  [INFO]    Heterosced rho=-0.154 p=0.0000 decr=YES
2026-06-25 13:09:11,894  [INFO]      power_law        a=37.03±1.8  b=0.2444±0.034  c=5.814±1.5
2026-06-25 13:09:11,895  [INFO]      exponential      a=12.22±0.69  b=0.005267±0.00048  c=12.26±0.13
2026-06-25 13:09:11,895  [INFO]      hybrid           w=0.9205±1.2e+05  a=30.01±4e+06  b=0.3567±0.12  d=55.57±8.5e+07  g=0.004007±0.0013  c=10.04±2  [NOT IDENT]
2026-06-25 13:09:11,895  [INFO]    CV: hybrid (train=1666,test=417)
2026-06-25 13:09:11,896  [INFO]    Outliers: 49 (2.4%) refit: power_law
2026-06-25 13:09:11,896  [INFO]    Smoothed: hybrid (n=417)
2026-06-25 13:09:11,896  [INFO]    Profile w: 0.449 RSS%=0.27 NOT ident
2026-06-25 13:09:11,897  [INFO]    Effect: 0.00% over power_law
2026-06-25 13:09:11,897  [INFO]  [39/50]  Fitting solver 2015SANC18 ...
2026-06-25 13:09:17,695  [WARNING]    2015SANC18 BOUNDARY: power_law: param(s) ['c'] hit LOWER bound
2026-06-25 13:09:17,696  [WARNING]    2015SANC18 SE-IDENT: hybrid: max_rel_SE=65824200562x (>100.0x)
2026-06-25 13:09:18,228  [INFO]    Preferred(BIC): exponential  R²=0.2857  MAE=1.32s  Discrim: True
2026-06-25 13:09:18,229  [INFO]    Consensus: exponential (consensus)  AICc: exponential
2026-06-25 13:09:18,229  [INFO]    Runs z=-0.36 p=0.7199
2026-06-25 13:09:18,230  [INFO]    Heterosced rho=-0.096 p=0.0000 decr=YES
2026-06-25 13:09:18,230  [INFO]      power_law        a=18.6±3  b=0.1036±0.037  c=2±3.8
2026-06-25 13:09:18,230  [INFO]      exponential      a=5.054±0.21  b=0.003163±0.00024  c=10.63±0.064
2026-06-25 13:09:18,231  [INFO]      hybrid           w=0.6893±2.6e+05  a=2.402e-05±9.7e+05  b=2.113e-07±1.4e+04  d=16.27±1.4e+07  g=0.003163±0.00026  c=10.63±6.7e+05  [NOT IDENT]
2026-06-25 13:09:18,231  [INFO]    CV: hybrid (train=1655,test=414)
2026-06-25 13:09:18,231  [INFO]    Outliers: 28 (1.4%) refit: exponential
2026-06-25 13:09:18,232  [INFO]    Smoothed: exponential (n=414)
2026-06-25 13:09:18,232  [INFO]    Profile w: 0.280 RSS%=4.33 ident
2026-06-25 13:09:18,232  [INFO]    Effect: 0.00% over exponential
2026-06-25 13:09:18,232  [INFO]  [40/50]  Fitting solver 2020DWOR01 ...
2026-06-25 13:10:01,216  [WARNING]    2020DWOR01 BOUNDARY: hybrid: param(s) ['c'] hit LOWER bound
2026-06-25 13:10:01,217  [WARNING]    2020DWOR01 SE-IDENT: hybrid: max_rel_SE=131x (>100.0x)
2026-06-25 13:10:01,716  [INFO]    Preferred(BIC): power_law  R²=0.2635  MAE=1.65s  Discrim: True
2026-06-25 13:10:01,717  [INFO]    Consensus: power_law (consensus)  AICc: power_law
2026-06-25 13:10:01,717  [INFO]    Runs z=-1.77 p=0.0773
2026-06-25 13:10:01,717  [INFO]    Heterosced rho=-0.110 p=0.0000 decr=YES
2026-06-25 13:10:01,717  [INFO]      power_law        a=23.77±1.3  b=0.3253±0.027  c=10.33±0.4
2026-06-25 13:10:01,717  [INFO]      exponential      a=7.945±0.46  b=0.0084±0.00074  c=12.81±0.063
2026-06-25 13:10:01,717  [INFO]      hybrid           w=0.4416±0.93  a=53.77±1.1e+02  b=0.405±0.065  d=17.75±4.4e+02  g=4.533e-05±0.0013  c=2±2.6e+02  [NOT IDENT]
2026-06-25 13:10:01,717  [INFO]    CV: hybrid (train=1644,test=411)
2026-06-25 13:10:01,718  [INFO]    Outliers: 37 (1.8%) refit: power_law
2026-06-25 13:10:01,718  [INFO]    Smoothed: power_law (n=411)
2026-06-25 13:10:01,718  [INFO]    Profile w: 0.145 RSS%=1.71 ident
2026-06-25 13:10:01,718  [INFO]    Effect: 0.00% over power_law
2026-06-25 13:10:01,718  [INFO]  [41/50]  Fitting solver 2011EDUA01 ...
2026-06-25 13:14:14,783  [WARNING]    2011EDUA01 BOUNDARY: hybrid: param(s) ['g'] hit LOWER bound
2026-06-25 13:14:14,783  [WARNING]    2011EDUA01 SE-IDENT: hybrid: max_rel_SE=3188x (>100.0x)
2026-06-25 13:14:15,159  [INFO]    Preferred(BIC): exponential  R²=0.5972  MAE=1.84s  Discrim: True
2026-06-25 13:14:15,160  [INFO]    Consensus: hybrid (consensus)  AICc: exponential
2026-06-25 13:14:15,160  [INFO]    Runs z=-7.72 p=0.0000
2026-06-25 13:14:15,160  [INFO]    Heterosced rho=-0.042 p=0.0056 decr=YES
2026-06-25 13:14:15,160  [INFO]      power_law        a=224.5±4  b=0.8293±0.012  c=12.69±0.088
2026-06-25 13:14:15,160  [INFO]      exponential      a=264.2±5.4  b=0.2373±0.006  c=13.47±0.065
2026-06-25 13:14:15,161  [INFO]      hybrid           w=0.9453±0.016  a=237.5±0.11  b=0.8293±0.014  d=39.11±0.039  g=1e-08±3.2e-05  c=10.55±0.71  [NOT IDENT]
2026-06-25 13:14:15,161  [INFO]    CV: hybrid (train=3411,test=853)
2026-06-25 13:14:15,161  [INFO]    Outliers: 62 (1.5%) refit: power_law
2026-06-25 13:14:15,161  [INFO]    Smoothed: hybrid (n=853)
2026-06-25 13:14:15,161  [INFO]    Profile w: 0.179 RSS%=19.60 ident
2026-06-25 13:14:15,161  [INFO]    Effect: 0.00% over exponential
2026-06-25 13:14:15,162  [INFO]  [42/50]  Fitting solver 2003BRUC01 ...
2026-06-25 13:14:21,626  [WARNING]    2003BRUC01 BOUNDARY: hybrid: param(s) ['g'] hit LOWER bound
2026-06-25 13:14:21,626  [WARNING]    2003BRUC01 SE-IDENT: hybrid: max_rel_SE=13762598x (>100.0x)
2026-06-25 13:14:21,992  [INFO]    Preferred(BIC): exponential  R²=0.0405  MAE=2.12s  Discrim: False
2026-06-25 13:14:21,992  [INFO]    Consensus: exponential (consensus)  AICc: exponential
2026-06-25 13:14:21,993  [INFO]    Runs z=-0.74 p=0.4568
2026-06-25 13:14:21,993  [INFO]    Heterosced rho=0.020 p=0.2800 decr=no
2026-06-25 13:14:21,993  [INFO]      power_law        a=14.9±2.2  b=0.3385±0.066  c=14.24±0.51
2026-06-25 13:14:21,993  [INFO]      exponential      a=6.283±0.79  b=0.009735±0.0018  c=15.54±0.082
2026-06-25 13:14:21,993  [INFO]      hybrid           w=0.9604±5.2e+05  a=15.51±8.4e+06  b=0.3384±0.11  d=25.1±3.3e+07  g=1e-08±0.14  c=13.25±1.4e+07  [NOT IDENT]
2026-06-25 13:14:21,994  [INFO]    CV: exponential (train=2225,test=557)
2026-06-25 13:14:21,994  [INFO]    Outliers: 72 (2.6%) refit: exponential
2026-06-25 13:14:21,994  [INFO]    Smoothed: exponential (n=557)
2026-06-25 13:14:21,994  [INFO]    Profile w: 0.314 RSS%=0.28 NOT ident
2026-06-25 13:14:21,994  [INFO]    Effect: 0.00% over exponential
2026-06-25 13:14:21,994  [INFO]  [43/50]  Fitting solver 2010GRAC02 ...
2026-06-25 13:15:29,309  [WARNING]    2010GRAC02 BOUNDARY: power_law: param(s) ['c'] hit LOWER bound
2026-06-25 13:15:29,710  [INFO]    Preferred(BIC): hybrid  R²=0.5029  MAE=2.98s  Discrim: True
2026-06-25 13:15:29,710  [INFO]    Consensus: hybrid (consensus)  AICc: hybrid
2026-06-25 13:15:29,710  [INFO]    Runs z=-1.49 p=0.1371
2026-06-25 13:15:29,711  [INFO]    Heterosced rho=-0.210 p=0.0000 decr=YES
2026-06-25 13:15:29,711  [INFO]      power_law        a=68.55±1.4  b=0.1853±0.017  c=2±2.3
2026-06-25 13:15:29,711  [INFO]      exponential      a=17.27±0.41  b=0.001784±9.3e-05  c=17.88±0.19
2026-06-25 13:15:29,711  [INFO]      hybrid           w=0.9116±0.0062  a=62.91±4  b=0.6205±0.066  d=139.9±0.18  g=0.001225±0.00012  c=16.75±0.43
2026-06-25 13:15:29,711  [INFO]    CV: power_law (train=2148,test=538)
2026-06-25 13:15:29,711  [INFO]    Outliers: 66 (2.5%) refit: exponential
2026-06-25 13:15:29,711  [INFO]    Smoothed: hybrid (n=538)
2026-06-25 13:15:29,711  [INFO]    Profile w: 0.517 RSS%=0.00 NOT ident
2026-06-25 13:15:29,711  [INFO]    Effect: 4.28% over power_law
2026-06-25 13:15:29,711  [INFO]  [44/50]  Fitting solver 2003DENN01 ...
2026-06-25 13:16:34,164  [WARNING]    2003DENN01 SE-IDENT: hybrid: max_rel_SE=1067465x (>100.0x)
2026-06-25 13:16:34,658  [INFO]    Preferred(BIC): exponential  R²=0.0894  MAE=3.22s  Discrim: True
2026-06-25 13:16:34,658  [INFO]    Consensus: exponential (consensus)  AICc: exponential
2026-06-25 13:16:34,658  [INFO]    Runs z=-5.19 p=0.0000
2026-06-25 13:16:34,658  [INFO]    Heterosced rho=-0.016 p=0.4440 decr=no
2026-06-25 13:16:34,658  [INFO]      power_law        a=39.39±3.9  b=0.6634±0.055  c=20.81±0.18
2026-06-25 13:16:34,658  [INFO]      exponential      a=20.25±1.9  b=0.0361±0.0047  c=21.21±0.1
2026-06-25 13:16:34,658  [INFO]      hybrid           w=0.4866±5.2e+05  a=28.28±3e+07  b=1.09±0.97  d=30.12±3e+07  g=0.02896±0.005  c=21.19±0.12  [NOT IDENT]
2026-06-25 13:16:34,659  [INFO]    CV: exponential (train=1892,test=473)
2026-06-25 13:16:34,659  [INFO]    Outliers: 99 (4.2%) refit: exponential
2026-06-25 13:16:34,659  [INFO]    Smoothed: exponential (n=473)
2026-06-25 13:16:34,659  [INFO]    Profile w: 0.618 RSS%=1.80 ident
2026-06-25 13:16:34,659  [INFO]    Effect: 0.00% over exponential
2026-06-25 13:16:34,659  [INFO]  [45/50]  Fitting solver 2015NICH04 ...
2026-06-25 13:16:51,344  [WARNING]    2015NICH04 BOUNDARY: hybrid: param(s) ['g'] hit LOWER bound
2026-06-25 13:16:51,344  [WARNING]    2015NICH04 SE-IDENT: hybrid: max_rel_SE=367148078012x (>100.0x)
2026-06-25 13:16:51,706  [INFO]    Preferred(BIC): power_law  R²=0.3755  MAE=2.41s  Discrim: True
2026-06-25 13:16:51,707  [INFO]    Consensus: hybrid (consensus)  AICc: power_law
2026-06-25 13:16:51,707  [INFO]    Runs z=-1.45 p=0.1474
2026-06-25 13:16:51,707  [INFO]    Heterosced rho=-0.088 p=0.0001 decr=YES
2026-06-25 13:16:51,707  [INFO]      power_law        a=54.07±2.3  b=0.4347±0.02  c=16.95±0.31
2026-06-25 13:16:51,707  [INFO]      exponential      a=24.14±0.99  b=0.01846±0.0011  c=19.74±0.082
2026-06-25 13:16:51,707  [INFO]      hybrid           w=0.6695±5.7e+05  a=80.77±6.9e+07  b=0.4347±0.031  d=2.005e-06±7.3e+05  g=1.009e-08±3.7e+03  c=16.95±2.4e+05  [NOT IDENT]
2026-06-25 13:16:51,707  [INFO]    CV: hybrid (train=1688,test=423)
2026-06-25 13:16:51,707  [INFO]    Outliers: 52 (2.5%) refit: power_law
2026-06-25 13:16:51,708  [INFO]    Smoothed: hybrid (n=423)
2026-06-25 13:16:51,708  [INFO]    Profile w: 0.111 RSS%=5.05 ident
2026-06-25 13:16:51,708  [INFO]    Effect: 0.00% over power_law
2026-06-25 13:16:51,708  [INFO]  [46/50]  Fitting solver 2013DICK01 ...
2026-06-25 13:17:14,602  [WARNING]    2013DICK01 SE-IDENT: hybrid: max_rel_SE=1146995x (>100.0x)
2026-06-25 13:17:14,987  [INFO]    Preferred(BIC): exponential  R²=0.1789  MAE=1.88s  Discrim: True
2026-06-25 13:17:14,988  [INFO]    Consensus: exponential (consensus)  AICc: hybrid
2026-06-25 13:17:14,988  [INFO]    Runs z=-0.57 p=0.5693
2026-06-25 13:17:14,988  [INFO]    Heterosced rho=-0.010 p=0.6434 decr=no
2026-06-25 13:17:14,988  [INFO]      power_law        a=22.64±1.8  b=0.446±0.037  c=14.31±0.24
2026-06-25 13:17:14,988  [INFO]      exponential      a=10.4±0.7  b=0.01696±0.0016  c=15.37±0.064
2026-06-25 13:17:14,988  [INFO]      hybrid           w=0.7671±2.7e+05  a=10.31±3.6e+06  b=0.7336±0.4  d=34.41±3.9e+07  g=0.01443±0.002  c=15.3±0.16  [NOT IDENT]
2026-06-25 13:17:14,988  [INFO]    CV: exponential (train=1561,test=391)
2026-06-25 13:17:14,989  [INFO]    Outliers: 47 (2.4%) refit: exponential
2026-06-25 13:17:14,989  [INFO]    Smoothed: hybrid (n=391)
2026-06-25 13:17:14,989  [INFO]    Profile w: 0.483 RSS%=2.97 ident
2026-06-25 13:17:14,989  [INFO]    Effect: 0.00% over exponential
2026-06-25 13:17:14,989  [INFO]  [47/50]  Fitting solver 2013MART03 ...
2026-06-25 13:17:34,238  [WARNING]    2013MART03 BOUNDARY: power_law: param(s) ['c'] hit LOWER bound
2026-06-25 13:17:34,238  [WARNING]    2013MART03 SE-IDENT: hybrid: max_rel_SE=658519x (>100.0x)
2026-06-25 13:17:34,606  [INFO]    Preferred(BIC): hybrid  R²=0.7020  MAE=2.85s  Discrim: True
2026-06-25 13:17:34,606  [INFO]    Consensus: hybrid (consensus)  AICc: hybrid
2026-06-25 13:17:34,606  [INFO]    Runs z=-0.32 p=0.7454
2026-06-25 13:17:34,607  [INFO]    Heterosced rho=-0.136 p=0.0000 decr=YES
2026-06-25 13:17:34,607  [INFO]      power_law        a=76.46±1.4  b=0.1897±0.015  c=2±2.3
2026-06-25 13:17:34,607  [INFO]      exponential      a=24.67±0.45  b=0.003682±0.00012  c=20.96±0.13
2026-06-25 13:17:34,607  [INFO]      hybrid           w=0.4581±3e+05  a=35.52±2.3e+07  b=0.5897±0.24  d=40.72±2.3e+07  g=0.003377±0.00014  c=20.6±0.43  [NOT IDENT]
2026-06-25 13:17:34,607  [INFO]    CV: power_law (train=1497,test=375)
2026-06-25 13:17:34,607  [INFO]    Outliers: 14 (0.7%) refit: exponential
2026-06-25 13:17:34,607  [INFO]    Smoothed: hybrid (n=375)
2026-06-25 13:17:34,607  [INFO]    Profile w: 0.213 RSS%=14.25 ident
2026-06-25 13:17:34,607  [INFO]    Effect: 1.56% over exponential
2026-06-25 13:17:34,607  [INFO]  [48/50]  Fitting solver 2007OEYM01 ...
2026-06-25 13:17:44,484  [WARNING]    2007OEYM01 SE-IDENT: hybrid: max_rel_SE=1087449x (>100.0x)
2026-06-25 13:17:44,905  [INFO]    Preferred(BIC): hybrid  R²=0.4675  MAE=3.84s  Discrim: True
2026-06-25 13:17:44,905  [INFO]    Consensus: hybrid (consensus)  AICc: hybrid
2026-06-25 13:17:44,905  [INFO]    Runs z=0.77 p=0.4388
2026-06-25 13:17:44,905  [INFO]    Heterosced rho=-0.098 p=0.0000 decr=YES
2026-06-25 13:17:44,906  [INFO]      power_law        a=87.28±3.1  b=0.3172±0.02  c=15.72±1.2
2026-06-25 13:17:44,906  [INFO]      exponential      a=35.61±1.3  b=0.01055±0.00057  c=25.67±0.16
2026-06-25 13:17:44,906  [INFO]      hybrid           w=0.8036±2.1e+05  a=68.55±1.8e+07  b=0.3619±0.052  d=80.81±8.8e+07  g=0.01032±0.0018  c=20.98±1.6  [NOT IDENT]
2026-06-25 13:17:44,906  [INFO]    CV: hybrid (train=1437,test=360)
2026-06-25 13:17:44,906  [INFO]    Outliers: 66 (3.7%) refit: hybrid
2026-06-25 13:17:44,906  [INFO]    Smoothed: hybrid (n=360)
2026-06-25 13:17:44,906  [INFO]    Profile w: 0.078 RSS%=4.36 ident
2026-06-25 13:17:44,906  [INFO]    Effect: 2.42% over power_law
2026-06-25 13:17:44,906  [INFO]  [49/50]  Fitting solver 2013PAPA01 ...
2026-06-25 13:18:25,121  [WARNING]    2013PAPA01 BOUNDARY: hybrid: param(s) ['c'] hit LOWER bound
2026-06-25 13:18:25,121  [WARNING]    2013PAPA01 SE-IDENT: hybrid: max_rel_SE=207x (>100.0x)
2026-06-25 13:18:25,680  [INFO]    Preferred(BIC): power_law  R²=0.1516  MAE=1.90s  Discrim: True
2026-06-25 13:18:25,680  [INFO]    Consensus: power_law (consensus)  AICc: power_law
2026-06-25 13:18:25,681  [INFO]    Runs z=-3.09 p=0.0020
2026-06-25 13:18:25,681  [INFO]    Heterosced rho=-0.100 p=0.0000 decr=YES
2026-06-25 13:18:25,681  [INFO]      power_law        a=16.9±1.1  b=0.2545±0.046  c=12.95±0.86
2026-06-25 13:18:25,681  [INFO]      exponential      a=3.987±0.3  b=0.00282±0.00045  c=15.54±0.13
2026-06-25 13:18:25,681  [INFO]      hybrid           w=0.8139±5.7  a=19.67±1.4e+02  b=0.3801±0.12  d=71.87±8.7  g=4.726e-05±0.0015  c=2±4.1e+02  [NOT IDENT]
2026-06-25 13:18:25,681  [INFO]    CV: hybrid (train=1410,test=353)
2026-06-25 13:18:25,681  [INFO]    Outliers: 31 (1.8%) refit: power_law
2026-06-25 13:18:25,681  [INFO]    Smoothed: power_law (n=353)
2026-06-25 13:18:25,681  [INFO]    Profile w: 0.889 RSS%=0.10 NOT ident
2026-06-25 13:18:25,681  [INFO]    Effect: 0.00% over power_law
2026-06-25 13:18:25,681  [INFO]  [50/50]  Fitting solver 2012REYE04 ...
2026-06-25 13:18:42,053  [WARNING]    2012REYE04 SE-IDENT: hybrid: max_rel_SE=901x (>100.0x)
2026-06-25 13:18:42,462  [INFO]    Preferred(BIC): power_law  R²=0.0528  MAE=1.63s  Discrim: True
2026-06-25 13:18:42,462  [INFO]    Consensus: power_law (consensus)  AICc: power_law
2026-06-25 13:18:42,462  [INFO]    Runs z=-1.35 p=0.1764
2026-06-25 13:18:42,463  [INFO]    Heterosced rho=-0.025 p=0.3053 decr=no
2026-06-25 13:18:42,463  [INFO]      power_law        a=7.779±0.93  b=0.2555±0.084  c=12.88±0.72
2026-06-25 13:18:42,463  [INFO]      exponential      a=3.477±0.52  b=0.01304±0.0029  c=14.28±0.061
2026-06-25 13:18:42,463  [INFO]      hybrid           w=0.4619±77  a=16.15±2.7e+03  b=0.3335±0.21  d=19.39±2.6e+03  g=1.75e-05±0.005  c=3.222±2.9e+03  [NOT IDENT]
2026-06-25 13:18:42,463  [INFO]    CV: power_law (train=1359,test=340)
2026-06-25 13:18:42,463  [INFO]    Outliers: 31 (1.8%) refit: power_law
2026-06-25 13:18:42,463  [INFO]    Smoothed: hybrid (n=340)
2026-06-25 13:18:42,463  [INFO]    Profile w: 0.044 RSS%=0.73 NOT ident
2026-06-25 13:18:42,463  [INFO]    Effect: 0.00% over power_law
2026-06-25 13:18:42,471  [INFO]  
PyMC on 10 solvers ...
2026-06-25 13:18:42,472  [INFO]      PyMC  power_law ...
2026-06-25 13:18:43,869  [INFO]  Initializing NUTS using jitter+adapt_diag...
2026-06-25 13:18:52,071  [INFO]  Sequential sampling (2 chains in 1 job)
2026-06-25 13:18:52,071  [INFO]  NUTS: [a, b, c, sigma]
2026-06-25 13:19:06,562  [INFO]  Sampling 2 chains for 1_000 tune and 1_000 draw iterations (2_000 + 2_000 draws total) took 14 seconds.
2026-06-25 13:19:07,427  [ERROR]  There were 36 divergences after tuning. Increase `target_accept` or reparameterize.
2026-06-25 13:19:07,427  [INFO]  We recommend running at least 4 chains for robust computation of convergence diagnostics
2026-06-25 13:19:07,427  [INFO]  The rhat statistic is larger than 1.01 for some parameters. This indicates problems during sampling. See https://arxiv.org/abs/1903.08008 for details
2026-06-25 13:19:07,429  [INFO]      PyMC  exponential ...
2026-06-25 13:19:07,608  [INFO]  Initializing NUTS using jitter+adapt_diag...
2026-06-25 13:19:08,352  [INFO]  Sequential sampling (2 chains in 1 job)
2026-06-25 13:19:08,352  [INFO]  NUTS: [a, b, c, sigma]
2026-06-25 13:19:09,653  [INFO]  Sampling 2 chains for 1_000 tune and 1_000 draw iterations (2_000 + 2_000 draws total) took 1 seconds.
2026-06-25 13:19:09,846  [INFO]  We recommend running at least 4 chains for robust computation of convergence diagnostics
2026-06-25 13:19:09,848  [INFO]      PyMC  hybrid ...
2026-06-25 13:19:10,247  [INFO]  Initializing NUTS using jitter+adapt_diag...
2026-06-25 13:19:12,098  [INFO]  Sequential sampling (2 chains in 1 job)
2026-06-25 13:19:12,098  [INFO]  NUTS: [w, a, b, d, g, c, sigma]
2026-06-25 13:20:17,055  [INFO]  Sampling 2 chains for 1_000 tune and 1_000 draw iterations (2_000 + 2_000 draws total) took 65 seconds.
2026-06-25 13:20:17,566  [ERROR]  There were 102 divergences after tuning. Increase `target_accept` or reparameterize.
2026-06-25 13:20:17,567  [INFO]  We recommend running at least 4 chains for robust computation of convergence diagnostics
2026-06-25 13:20:17,567  [INFO]  The rhat statistic is larger than 1.01 for some parameters. This indicates problems during sampling. See https://arxiv.org/abs/1903.08008 for details
2026-06-25 13:20:17,567  [ERROR]  The effective sample size per chain is smaller than 100 for some parameters.  A higher number is needed for reliable rhat and ess computation. See https://arxiv.org/abs/1903.08008 for details
2026-06-25 13:20:21,649  [INFO]    2010WEYE02: preferred=hybrid
2026-06-25 13:20:21,651  [INFO]      PyMC  power_law ...
2026-06-25 13:20:21,882  [INFO]  Initializing NUTS using jitter+adapt_diag...
2026-06-25 13:20:24,722  [INFO]  Sequential sampling (2 chains in 1 job)
2026-06-25 13:20:24,723  [INFO]  NUTS: [a, b, c, sigma]
2026-06-25 13:20:29,777  [INFO]  Sampling 2 chains for 1_000 tune and 1_000 draw iterations (2_000 + 2_000 draws total) took 5 seconds.
2026-06-25 13:20:30,368  [INFO]  We recommend running at least 4 chains for robust computation of convergence diagnostics
2026-06-25 13:20:30,370  [INFO]      PyMC  exponential ...
2026-06-25 13:20:30,543  [INFO]  Initializing NUTS using jitter+adapt_diag...
2026-06-25 13:20:31,503  [INFO]  Sequential sampling (2 chains in 1 job)
2026-06-25 13:20:31,504  [INFO]  NUTS: [a, b, c, sigma]
2026-06-25 13:20:33,274  [INFO]  Sampling 2 chains for 1_000 tune and 1_000 draw iterations (2_000 + 2_000 draws total) took 2 seconds.
2026-06-25 13:20:33,555  [INFO]  We recommend running at least 4 chains for robust computation of convergence diagnostics
2026-06-25 13:20:33,558  [INFO]      PyMC  hybrid ...
2026-06-25 13:20:33,929  [INFO]  Initializing NUTS using jitter+adapt_diag...
2026-06-25 13:20:35,796  [INFO]  Sequential sampling (2 chains in 1 job)
2026-06-25 13:20:35,797  [INFO]  NUTS: [w, a, b, d, g, c, sigma]
2026-06-25 13:21:55,552  [INFO]  Sampling 2 chains for 1_000 tune and 1_000 draw iterations (2_000 + 2_000 draws total) took 80 seconds.
2026-06-25 13:21:55,926  [ERROR]  There were 65 divergences after tuning. Increase `target_accept` or reparameterize.
2026-06-25 13:21:55,926  [INFO]  We recommend running at least 4 chains for robust computation of convergence diagnostics
2026-06-25 13:21:55,927  [INFO]  The rhat statistic is larger than 1.01 for some parameters. This indicates problems during sampling. See https://arxiv.org/abs/1903.08008 for details
2026-06-25 13:21:55,927  [ERROR]  The effective sample size per chain is smaller than 100 for some parameters.  A higher number is needed for reliable rhat and ess computation. See https://arxiv.org/abs/1903.08008 for details
2026-06-25 13:21:59,175  [INFO]    2013BURL01: preferred=hybrid
2026-06-25 13:21:59,176  [INFO]      PyMC  power_law ...
2026-06-25 13:21:59,411  [INFO]  Initializing NUTS using jitter+adapt_diag...
2026-06-25 13:22:02,108  [INFO]  Sequential sampling (2 chains in 1 job)
2026-06-25 13:22:02,109  [INFO]  NUTS: [a, b, c, sigma]
2026-06-25 13:22:15,089  [INFO]  Sampling 2 chains for 1_000 tune and 1_000 draw iterations (2_000 + 2_000 draws total) took 13 seconds.
2026-06-25 13:22:15,775  [INFO]  We recommend running at least 4 chains for robust computation of convergence diagnostics
2026-06-25 13:22:15,779  [INFO]      PyMC  exponential ...
2026-06-25 13:22:16,035  [INFO]  Initializing NUTS using jitter+adapt_diag...
2026-06-25 13:22:17,584  [INFO]  Sequential sampling (2 chains in 1 job)
2026-06-25 13:22:17,585  [INFO]  NUTS: [a, b, c, sigma]
2026-06-25 13:22:19,259  [INFO]  Sampling 2 chains for 1_000 tune and 1_000 draw iterations (2_000 + 2_000 draws total) took 2 seconds.
2026-06-25 13:22:19,540  [INFO]  We recommend running at least 4 chains for robust computation of convergence diagnostics
2026-06-25 13:22:19,542  [INFO]      PyMC  hybrid ...
2026-06-25 13:22:19,859  [INFO]  Initializing NUTS using jitter+adapt_diag...
2026-06-25 13:22:21,535  [INFO]  Sequential sampling (2 chains in 1 job)
2026-06-25 13:22:21,536  [INFO]  NUTS: [w, a, b, d, g, c, sigma]
2026-06-25 13:22:58,670  [INFO]  Sampling 2 chains for 1_000 tune and 1_000 draw iterations (2_000 + 2_000 draws total) took 37 seconds.
2026-06-25 13:22:59,160  [ERROR]  There were 242 divergences after tuning. Increase `target_accept` or reparameterize.
2026-06-25 13:22:59,160  [INFO]  We recommend running at least 4 chains for robust computation of convergence diagnostics
2026-06-25 13:22:59,160  [INFO]  The rhat statistic is larger than 1.01 for some parameters. This indicates problems during sampling. See https://arxiv.org/abs/1903.08008 for details
2026-06-25 13:22:59,161  [ERROR]  The effective sample size per chain is smaller than 100 for some parameters.  A higher number is needed for reliable rhat and ess computation. See https://arxiv.org/abs/1903.08008 for details
2026-06-25 13:23:02,474  [INFO]    2005AKKE01: preferred=hybrid
2026-06-25 13:23:02,475  [INFO]      PyMC  power_law ...
2026-06-25 13:23:02,673  [INFO]  Initializing NUTS using jitter+adapt_diag...
2026-06-25 13:23:07,457  [INFO]  Sequential sampling (2 chains in 1 job)
2026-06-25 13:23:07,457  [INFO]  NUTS: [a, b, c, sigma]
2026-06-25 13:23:16,780  [INFO]  Sampling 2 chains for 1_000 tune and 1_000 draw iterations (2_000 + 2_000 draws total) took 9 seconds.
2026-06-25 13:23:17,389  [ERROR]  There were 137 divergences after tuning. Increase `target_accept` or reparameterize.
2026-06-25 13:23:17,390  [INFO]  We recommend running at least 4 chains for robust computation of convergence diagnostics
2026-06-25 13:23:17,390  [INFO]  The rhat statistic is larger than 1.01 for some parameters. This indicates problems during sampling. See https://arxiv.org/abs/1903.08008 for details
2026-06-25 13:23:17,390  [ERROR]  The effective sample size per chain is smaller than 100 for some parameters.  A higher number is needed for reliable rhat and ess computation. See https://arxiv.org/abs/1903.08008 for details
2026-06-25 13:23:17,394  [INFO]      PyMC  exponential ...
2026-06-25 13:23:17,681  [INFO]  Initializing NUTS using jitter+adapt_diag...
2026-06-25 13:23:18,471  [INFO]  Sequential sampling (2 chains in 1 job)
2026-06-25 13:23:18,472  [INFO]  NUTS: [a, b, c, sigma]
2026-06-25 13:23:20,306  [INFO]  Sampling 2 chains for 1_000 tune and 1_000 draw iterations (2_000 + 2_000 draws total) took 2 seconds.
2026-06-25 13:23:20,522  [INFO]  We recommend running at least 4 chains for robust computation of convergence diagnostics
2026-06-25 13:23:20,524  [INFO]      PyMC  hybrid ...
2026-06-25 13:23:20,883  [INFO]  Initializing NUTS using jitter+adapt_diag...
2026-06-25 13:23:22,661  [INFO]  Sequential sampling (2 chains in 1 job)
2026-06-25 13:23:22,661  [INFO]  NUTS: [w, a, b, d, g, c, sigma]
2026-06-25 13:24:49,299  [INFO]  Sampling 2 chains for 1_000 tune and 1_000 draw iterations (2_000 + 2_000 draws total) took 87 seconds.
2026-06-25 13:24:49,640  [ERROR]  There were 36 divergences after tuning. Increase `target_accept` or reparameterize.
2026-06-25 13:24:49,640  [INFO]  We recommend running at least 4 chains for robust computation of convergence diagnostics
2026-06-25 13:24:49,640  [INFO]  The rhat statistic is larger than 1.01 for some parameters. This indicates problems during sampling. See https://arxiv.org/abs/1903.08008 for details
2026-06-25 13:24:49,640  [ERROR]  The effective sample size per chain is smaller than 100 for some parameters.  A higher number is needed for reliable rhat and ess computation. See https://arxiv.org/abs/1903.08008 for details
2026-06-25 13:24:52,029  [INFO]    2006HALC01: preferred=power_law
2026-06-25 13:24:52,030  [INFO]      PyMC  power_law ...
2026-06-25 13:24:52,224  [INFO]  Initializing NUTS using jitter+adapt_diag...
2026-06-25 13:24:54,275  [INFO]  Sequential sampling (2 chains in 1 job)
2026-06-25 13:24:54,276  [INFO]  NUTS: [a, b, c, sigma]
2026-06-25 13:25:10,062  [INFO]  Sampling 2 chains for 1_000 tune and 1_000 draw iterations (2_000 + 2_000 draws total) took 16 seconds.
2026-06-25 13:25:10,466  [ERROR]  There were 54 divergences after tuning. Increase `target_accept` or reparameterize.
2026-06-25 13:25:10,466  [INFO]  We recommend running at least 4 chains for robust computation of convergence diagnostics
2026-06-25 13:25:10,467  [INFO]  The rhat statistic is larger than 1.01 for some parameters. This indicates problems during sampling. See https://arxiv.org/abs/1903.08008 for details
2026-06-25 13:25:10,467  [ERROR]  The effective sample size per chain is smaller than 100 for some parameters.  A higher number is needed for reliable rhat and ess computation. See https://arxiv.org/abs/1903.08008 for details
2026-06-25 13:25:10,469  [INFO]      PyMC  exponential ...
2026-06-25 13:25:10,902  [INFO]  Initializing NUTS using jitter+adapt_diag...
2026-06-25 13:25:11,821  [INFO]  Sequential sampling (2 chains in 1 job)
2026-06-25 13:25:11,821  [INFO]  NUTS: [a, b, c, sigma]
2026-06-25 13:25:13,501  [INFO]  Sampling 2 chains for 1_000 tune and 1_000 draw iterations (2_000 + 2_000 draws total) took 2 seconds.
2026-06-25 13:25:13,805  [INFO]  We recommend running at least 4 chains for robust computation of convergence diagnostics
2026-06-25 13:25:13,807  [INFO]      PyMC  hybrid ...
2026-06-25 13:25:14,172  [INFO]  Initializing NUTS using jitter+adapt_diag...
2026-06-25 13:25:16,026  [INFO]  Sequential sampling (2 chains in 1 job)
2026-06-25 13:25:16,027  [INFO]  NUTS: [w, a, b, d, g, c, sigma]
2026-06-25 13:26:25,448  [INFO]  Sampling 2 chains for 1_000 tune and 1_000 draw iterations (2_000 + 2_000 draws total) took 69 seconds.
2026-06-25 13:26:25,840  [ERROR]  There were 180 divergences after tuning. Increase `target_accept` or reparameterize.
2026-06-25 13:26:25,840  [INFO]  We recommend running at least 4 chains for robust computation of convergence diagnostics
2026-06-25 13:26:25,840  [INFO]  The rhat statistic is larger than 1.01 for some parameters. This indicates problems during sampling. See https://arxiv.org/abs/1903.08008 for details
2026-06-25 13:26:25,841  [ERROR]  The effective sample size per chain is smaller than 100 for some parameters.  A higher number is needed for reliable rhat and ess computation. See https://arxiv.org/abs/1903.08008 for details
2026-06-25 13:26:28,430  [INFO]    2005REYN01: preferred=power_law
2026-06-25 13:26:28,431  [INFO]      PyMC  power_law ...
2026-06-25 13:26:28,620  [INFO]  Initializing NUTS using jitter+adapt_diag...
2026-06-25 13:26:31,173  [INFO]  Sequential sampling (2 chains in 1 job)
2026-06-25 13:26:31,174  [INFO]  NUTS: [a, b, c, sigma]
2026-06-25 13:26:40,260  [INFO]  Sampling 2 chains for 1_000 tune and 1_000 draw iterations (2_000 + 2_000 draws total) took 9 seconds.
2026-06-25 13:26:40,717  [ERROR]  There were 259 divergences after tuning. Increase `target_accept` or reparameterize.
2026-06-25 13:26:40,717  [INFO]  We recommend running at least 4 chains for robust computation of convergence diagnostics
2026-06-25 13:26:40,717  [INFO]  The rhat statistic is larger than 1.01 for some parameters. This indicates problems during sampling. See https://arxiv.org/abs/1903.08008 for details
2026-06-25 13:26:40,718  [ERROR]  The effective sample size per chain is smaller than 100 for some parameters.  A higher number is needed for reliable rhat and ess computation. See https://arxiv.org/abs/1903.08008 for details
2026-06-25 13:26:40,719  [INFO]      PyMC  exponential ...
2026-06-25 13:26:40,948  [INFO]  Initializing NUTS using jitter+adapt_diag...
2026-06-25 13:26:41,677  [INFO]  Sequential sampling (2 chains in 1 job)
2026-06-25 13:26:41,677  [INFO]  NUTS: [a, b, c, sigma]
2026-06-25 13:26:43,191  [INFO]  Sampling 2 chains for 1_000 tune and 1_000 draw iterations (2_000 + 2_000 draws total) took 2 seconds.
2026-06-25 13:26:43,516  [INFO]  We recommend running at least 4 chains for robust computation of convergence diagnostics
2026-06-25 13:26:43,518  [INFO]      PyMC  hybrid ...
2026-06-25 13:26:43,916  [INFO]  Initializing NUTS using jitter+adapt_diag...
2026-06-25 13:26:46,069  [INFO]  Sequential sampling (2 chains in 1 job)
2026-06-25 13:26:46,070  [INFO]  NUTS: [w, a, b, d, g, c, sigma]
2026-06-25 13:28:28,074  [INFO]  Sampling 2 chains for 1_000 tune and 1_000 draw iterations (2_000 + 2_000 draws total) took 102 seconds.
2026-06-25 13:28:28,554  [ERROR]  There were 294 divergences after tuning. Increase `target_accept` or reparameterize.
2026-06-25 13:28:28,555  [INFO]  We recommend running at least 4 chains for robust computation of convergence diagnostics
2026-06-25 13:28:28,555  [INFO]  The rhat statistic is larger than 1.01 for some parameters. This indicates problems during sampling. See https://arxiv.org/abs/1903.08008 for details
2026-06-25 13:28:28,555  [ERROR]  The effective sample size per chain is smaller than 100 for some parameters.  A higher number is needed for reliable rhat and ess computation. See https://arxiv.org/abs/1903.08008 for details
2026-06-25 13:28:31,970  [INFO]    2007GOUL01: preferred=hybrid
2026-06-25 13:28:31,971  [INFO]      PyMC  power_law ...
2026-06-25 13:28:32,214  [INFO]  Initializing NUTS using jitter+adapt_diag...
2026-06-25 13:28:34,833  [INFO]  Sequential sampling (2 chains in 1 job)
2026-06-25 13:28:34,833  [INFO]  NUTS: [a, b, c, sigma]
2026-06-25 13:28:43,993  [INFO]  Sampling 2 chains for 1_000 tune and 1_000 draw iterations (2_000 + 2_000 draws total) took 9 seconds.
2026-06-25 13:28:44,503  [INFO]  We recommend running at least 4 chains for robust computation of convergence diagnostics
2026-06-25 13:28:44,507  [INFO]      PyMC  exponential ...
2026-06-25 13:28:44,748  [INFO]  Initializing NUTS using jitter+adapt_diag...
2026-06-25 13:28:45,774  [INFO]  Sequential sampling (2 chains in 1 job)
2026-06-25 13:28:45,775  [INFO]  NUTS: [a, b, c, sigma]
2026-06-25 13:28:47,337  [INFO]  Sampling 2 chains for 1_000 tune and 1_000 draw iterations (2_000 + 2_000 draws total) took 2 seconds.
2026-06-25 13:28:47,562  [INFO]  We recommend running at least 4 chains for robust computation of convergence diagnostics
2026-06-25 13:28:47,566  [INFO]      PyMC  hybrid ...
2026-06-25 13:28:48,536  [INFO]  Initializing NUTS using jitter+adapt_diag...
2026-06-25 13:28:51,201  [INFO]  Sequential sampling (2 chains in 1 job)
2026-06-25 13:28:51,201  [INFO]  NUTS: [w, a, b, d, g, c, sigma]
2026-06-25 13:29:24,065  [INFO]  Sampling 2 chains for 1_000 tune and 1_000 draw iterations (2_000 + 2_000 draws total) took 33 seconds.
2026-06-25 13:29:24,515  [ERROR]  There were 47 divergences after tuning. Increase `target_accept` or reparameterize.
2026-06-25 13:29:24,515  [INFO]  We recommend running at least 4 chains for robust computation of convergence diagnostics
2026-06-25 13:29:24,515  [INFO]  The rhat statistic is larger than 1.01 for some parameters. This indicates problems during sampling. See https://arxiv.org/abs/1903.08008 for details
2026-06-25 13:29:24,515  [ERROR]  The effective sample size per chain is smaller than 100 for some parameters.  A higher number is needed for reliable rhat and ess computation. See https://arxiv.org/abs/1903.08008 for details
2026-06-25 13:29:26,687  [INFO]    2020DWOR01: preferred=power_law
2026-06-25 13:29:26,688  [INFO]      PyMC  power_law ...
2026-06-25 13:29:26,878  [INFO]  Initializing NUTS using jitter+adapt_diag...
2026-06-25 13:29:28,946  [INFO]  Sequential sampling (2 chains in 1 job)
2026-06-25 13:29:28,947  [INFO]  NUTS: [a, b, c, sigma]
2026-06-25 13:29:36,900  [INFO]  Sampling 2 chains for 1_000 tune and 1_000 draw iterations (2_000 + 2_000 draws total) took 8 seconds.
2026-06-25 13:29:37,319  [ERROR]  There were 263 divergences after tuning. Increase `target_accept` or reparameterize.
2026-06-25 13:29:37,320  [INFO]  We recommend running at least 4 chains for robust computation of convergence diagnostics
2026-06-25 13:29:37,320  [INFO]  The rhat statistic is larger than 1.01 for some parameters. This indicates problems during sampling. See https://arxiv.org/abs/1903.08008 for details
2026-06-25 13:29:37,320  [ERROR]  The effective sample size per chain is smaller than 100 for some parameters.  A higher number is needed for reliable rhat and ess computation. See https://arxiv.org/abs/1903.08008 for details
2026-06-25 13:29:37,322  [INFO]      PyMC  exponential ...
2026-06-25 13:29:37,531  [INFO]  Initializing NUTS using jitter+adapt_diag...
2026-06-25 13:29:38,684  [INFO]  Sequential sampling (2 chains in 1 job)
2026-06-25 13:29:38,684  [INFO]  NUTS: [a, b, c, sigma]
2026-06-25 13:29:40,393  [INFO]  Sampling 2 chains for 1_000 tune and 1_000 draw iterations (2_000 + 2_000 draws total) took 2 seconds.
2026-06-25 13:29:40,671  [INFO]  We recommend running at least 4 chains for robust computation of convergence diagnostics
2026-06-25 13:29:40,673  [INFO]      PyMC  hybrid ...
2026-06-25 13:29:41,047  [INFO]  Initializing NUTS using jitter+adapt_diag...
2026-06-25 13:29:42,535  [INFO]  Sequential sampling (2 chains in 1 job)
2026-06-25 13:29:42,536  [INFO]  NUTS: [w, a, b, d, g, c, sigma]
2026-06-25 13:30:05,011  [INFO]  Sampling 2 chains for 1_000 tune and 1_000 draw iterations (2_000 + 2_000 draws total) took 22 seconds.
2026-06-25 13:30:05,388  [ERROR]  There were 77 divergences after tuning. Increase `target_accept` or reparameterize.
2026-06-25 13:30:05,389  [INFO]  We recommend running at least 4 chains for robust computation of convergence diagnostics
2026-06-25 13:30:05,389  [INFO]  The rhat statistic is larger than 1.01 for some parameters. This indicates problems during sampling. See https://arxiv.org/abs/1903.08008 for details
2026-06-25 13:30:05,389  [ERROR]  The effective sample size per chain is smaller than 100 for some parameters.  A higher number is needed for reliable rhat and ess computation. See https://arxiv.org/abs/1903.08008 for details
2026-06-25 13:30:07,614  [INFO]    2015SANC18: preferred=exponential
2026-06-25 13:30:07,614  [INFO]      PyMC  power_law ...
2026-06-25 13:30:07,816  [INFO]  Initializing NUTS using jitter+adapt_diag...
2026-06-25 13:30:10,310  [INFO]  Sequential sampling (2 chains in 1 job)
2026-06-25 13:30:10,310  [INFO]  NUTS: [a, b, c, sigma]
2026-06-25 13:30:25,907  [INFO]  Sampling 2 chains for 1_000 tune and 1_000 draw iterations (2_000 + 2_000 draws total) took 16 seconds.
2026-06-25 13:30:26,317  [INFO]  We recommend running at least 4 chains for robust computation of convergence diagnostics
2026-06-25 13:30:26,318  [ERROR]  The effective sample size per chain is smaller than 100 for some parameters.  A higher number is needed for reliable rhat and ess computation. See https://arxiv.org/abs/1903.08008 for details
2026-06-25 13:30:26,319  [INFO]      PyMC  exponential ...
2026-06-25 13:30:26,508  [INFO]  Initializing NUTS using jitter+adapt_diag...
2026-06-25 13:30:27,413  [INFO]  Sequential sampling (2 chains in 1 job)
2026-06-25 13:30:27,413  [INFO]  NUTS: [a, b, c, sigma]
2026-06-25 13:30:32,038  [INFO]  Sampling 2 chains for 1_000 tune and 1_000 draw iterations (2_000 + 2_000 draws total) took 5 seconds.
2026-06-25 13:30:32,351  [INFO]  We recommend running at least 4 chains for robust computation of convergence diagnostics
2026-06-25 13:30:32,353  [INFO]      PyMC  hybrid ...
2026-06-25 13:30:32,728  [INFO]  Initializing NUTS using jitter+adapt_diag...
2026-06-25 13:30:34,265  [INFO]  Sequential sampling (2 chains in 1 job)
2026-06-25 13:30:34,265  [INFO]  NUTS: [w, a, b, d, g, c, sigma]
2026-06-25 13:30:55,017  [INFO]  Sampling 2 chains for 1_000 tune and 1_000 draw iterations (2_000 + 2_000 draws total) took 21 seconds.
2026-06-25 13:30:55,445  [ERROR]  There were 423 divergences after tuning. Increase `target_accept` or reparameterize.
2026-06-25 13:30:55,445  [INFO]  We recommend running at least 4 chains for robust computation of convergence diagnostics
2026-06-25 13:30:55,446  [INFO]  The rhat statistic is larger than 1.01 for some parameters. This indicates problems during sampling. See https://arxiv.org/abs/1903.08008 for details
2026-06-25 13:30:55,446  [ERROR]  The effective sample size per chain is smaller than 100 for some parameters.  A higher number is needed for reliable rhat and ess computation. See https://arxiv.org/abs/1903.08008 for details
2026-06-25 13:30:57,485  [INFO]    2012REYE04: preferred=hybrid
2026-06-25 13:30:57,487  [INFO]      PyMC  power_law ...
2026-06-25 13:30:57,669  [INFO]  Initializing NUTS using jitter+adapt_diag...
2026-06-25 13:31:00,333  [INFO]  Sequential sampling (2 chains in 1 job)
2026-06-25 13:31:00,333  [INFO]  NUTS: [a, b, c, sigma]
2026-06-25 13:31:11,491  [INFO]  Sampling 2 chains for 1_000 tune and 1_000 draw iterations (2_000 + 2_000 draws total) took 11 seconds.
2026-06-25 13:31:11,945  [INFO]  We recommend running at least 4 chains for robust computation of convergence diagnostics
2026-06-25 13:31:11,947  [INFO]      PyMC  exponential ...
2026-06-25 13:31:12,130  [INFO]  Initializing NUTS using jitter+adapt_diag...
2026-06-25 13:31:12,960  [INFO]  Sequential sampling (2 chains in 1 job)
2026-06-25 13:31:12,960  [INFO]  NUTS: [a, b, c, sigma]
2026-06-25 13:31:14,392  [INFO]  Sampling 2 chains for 1_000 tune and 1_000 draw iterations (2_000 + 2_000 draws total) took 1 seconds.
2026-06-25 13:31:14,664  [INFO]  We recommend running at least 4 chains for robust computation of convergence diagnostics
2026-06-25 13:31:14,666  [INFO]      PyMC  hybrid ...
2026-06-25 13:31:15,042  [INFO]  Initializing NUTS using jitter+adapt_diag...
2026-06-25 13:31:16,646  [INFO]  Sequential sampling (2 chains in 1 job)
2026-06-25 13:31:16,646  [INFO]  NUTS: [w, a, b, d, g, c, sigma]
2026-06-25 13:32:38,824  [INFO]  Sampling 2 chains for 1_000 tune and 1_000 draw iterations (2_000 + 2_000 draws total) took 82 seconds.
2026-06-25 13:32:39,100  [ERROR]  There were 2 divergences after tuning. Increase `target_accept` or reparameterize.
2026-06-25 13:32:39,100  [INFO]  We recommend running at least 4 chains for robust computation of convergence diagnostics
2026-06-25 13:32:40,872  [INFO]    2013PAPA01: preferred=hybrid
2026-06-25 13:32:40,883  [INFO]  
============================================================
2026-06-25 13:32:40,883  [INFO]  RQ1 - RESULTS SUMMARY
2026-06-25 13:32:40,884  [INFO]  ============================================================
2026-06-25 13:32:40,884  [INFO]  Solvers: 50  Clear discrim: 46/50 (92.0%)  [target>=60%]
2026-06-25 13:32:40,884  [INFO]  
BIC preferred:
2026-06-25 13:32:40,891  [INFO]    power_law             23 (46.0%)
2026-06-25 13:32:40,891  [INFO]    hybrid                21 (42.0%)
2026-06-25 13:32:40,891  [INFO]    exponential            6 (12.0%)
2026-06-25 13:32:40,892  [INFO]  
AICc-BIC agreement: 45/50 (90.0%)
2026-06-25 13:32:40,892  [INFO]  AICc preferred:
2026-06-25 13:32:40,893  [INFO]    hybrid                26 (52.0%)
2026-06-25 13:32:40,893  [INFO]    power_law             19 (38.0%)
2026-06-25 13:32:40,893  [INFO]    exponential            5 (10.0%)
2026-06-25 13:32:40,893  [INFO]  
Consensus (2-of-3: BIC,CV,smooth):
2026-06-25 13:32:40,893  [INFO]    hybrid                30 (60.0%)
2026-06-25 13:32:40,893  [INFO]    power_law             15 (30.0%)
2026-06-25 13:32:40,893  [INFO]    exponential            5 (10.0%)
2026-06-25 13:32:40,894  [INFO]    Achieved consensus: 44/50  BIC-only: 6/50
2026-06-25 13:32:40,894  [INFO]    Consensus==BIC: 41/50 (82.0%)
2026-06-25 13:32:40,894  [INFO]  
  NOTE: Smoothed-data fits selected hybrid for 43/50 (86%) solvers.
2026-06-25 13:32:40,895  [INFO]    CAVEAT: Consensus may be biased toward hybrid because smoothing systematically favours the most flexible model.
2026-06-25 13:32:40,895  [INFO]  
KPI: PASS (92.0% vs 60%)
2026-06-25 13:32:40,895  [INFO]  
Runs-test sig (p<0.05): 11/50 (22.0%)
2026-06-25 13:32:40,895  [INFO]  Heteroscedasticity (decr var): 42/50 (84.0%)
2026-06-25 13:32:40,895  [INFO]  
-- Goodness of fit (preferred model) --
2026-06-25 13:32:40,896  [INFO]    R²: median=0.3310 mean=0.3614 range=[0.0405,0.7502]
2026-06-25 13:32:40,896  [INFO]    MAE: median=1.41s mean=1.56s
2026-06-25 13:32:40,896  [INFO]    MedAE: median=1.10s (±1.1s for median solver)
2026-06-25 13:32:40,896  [INFO]  
-- Effect size --
  median=0.00% mean=1.12% >5%:2/50 <1%:31/50
2026-06-25 13:32:40,896  [INFO]  
-- SE identifiability (threshold: 100.0x) --
2026-06-25 13:32:40,896  [INFO]    power_law       identifiable: 50/50 (100%)
2026-06-25 13:32:40,897  [INFO]    exponential     identifiable: 50/50 (100%)
2026-06-25 13:32:40,897  [INFO]    hybrid          identifiable: 1/50 (2%)
2026-06-25 13:32:40,897  [INFO]  
-- Hybrid w --
  n=50 median=0.820 w<0.1:0 w>0.9:17 mix:33
2026-06-25 13:32:40,898  [INFO]  
-- Robustness --
2026-06-25 13:32:40,898  [INFO]    CV: agrees with BIC in 20/50 (40%)
2026-06-25 13:32:40,899  [INFO]    Outlier: agrees with BIC in 32/50 (64%)
2026-06-25 13:32:40,899  [INFO]    Smooth: agrees with BIC in 28/50 (56%)
2026-06-25 13:32:40,908  [INFO]  
-- BIC pref by tier --
preferred_model  exponential  hybrid  power_law
skill_tier                                     
T1_fast                    0       8          2
T2_mid                     0       4          6
T3_mid                     0       5          5
T4_mid                     2       1          7
T5_slow                    4       3          3
2026-06-25 13:32:40,913  [INFO]  
-- Consensus by tier --
consensus_model  exponential  hybrid  power_law
skill_tier                                     
T1_fast                    0       9          1
T2_mid                     0       6          4
T3_mid                     0       8          2
T4_mid                     2       2          6
T5_slow                    3       5          2
2026-06-25 13:32:46,063  [INFO]  Profile-w figures saved (50 solvers, 6 page(s)).
2026-06-25 13:32:46,284  [INFO]  
Residuals saved for 50 solvers in output\rq1\residuals/
2026-06-25 13:32:46,285  [INFO]  All outputs written to C:\Users\z004mcpx\Documents\GitHub\The-Dynamics-of-Mastery\output\rq1
2026-06-25 13:32:46,285  [INFO]  Done.
